0 info it worked if it ends with ok
1 verbose cli [ 'C:\\Program Files\\nodejs\\node.exe',
1 verbose cli   'C:\\Program Files\\nodejs\\node_modules\\npm\\bin\\npm-cli.js',
1 verbose cli   'install',
1 verbose cli   'grunt-contrib-imagemin',
1 verbose cli   '--save-dev' ]
2 info using npm@3.10.10
3 info using node@v6.10.3
4 silly loadCurrentTree Starting
5 silly install loadCurrentTree
6 silly install readLocalPackageData
7 silly fetchPackageMetaData grunt-contrib-imagemin@~0.3.0
8 silly fetchNamedPackageData grunt-contrib-imagemin
9 silly mapToRegistry name grunt-contrib-imagemin
10 silly mapToRegistry using default registry
11 silly mapToRegistry registry https://registry.npmjs.org/
12 silly mapToRegistry data Result {
12 silly mapToRegistry   raw: 'grunt-contrib-imagemin',
12 silly mapToRegistry   scope: null,
12 silly mapToRegistry   escapedName: 'grunt-contrib-imagemin',
12 silly mapToRegistry   name: 'grunt-contrib-imagemin',
12 silly mapToRegistry   rawSpec: '',
12 silly mapToRegistry   spec: 'latest',
12 silly mapToRegistry   type: 'tag' }
13 silly mapToRegistry uri https://registry.npmjs.org/grunt-contrib-imagemin
14 verbose request uri https://registry.npmjs.org/grunt-contrib-imagemin
15 verbose request no auth needed
16 info attempt registry request try #1 at 1:49:49 PM
17 verbose request id 8795a92ffb2c8cad
18 verbose etag W/"58affce3-f585"
19 verbose lastModified Fri, 24 Feb 2017 09:29:07 GMT
20 http request GET https://registry.npmjs.org/grunt-contrib-imagemin
21 http 304 https://registry.npmjs.org/grunt-contrib-imagemin
22 verbose headers { date: 'Thu, 25 May 2017 06:49:52 GMT',
22 verbose headers   via: '1.1 varnish',
22 verbose headers   'cache-control': 'max-age=300',
22 verbose headers   etag: 'W/"58affce3-f585"',
22 verbose headers   age: '173',
22 verbose headers   connection: 'keep-alive',
22 verbose headers   'x-served-by': 'cache-hkg6825-HKG',
22 verbose headers   'x-cache': 'HIT',
22 verbose headers   'x-cache-hits': '1',
22 verbose headers   'x-timer': 'S1495694992.193445,VS0,VE1',
22 verbose headers   vary: 'Accept-Encoding' }
23 silly get cb [ 304,
23 silly get   { date: 'Thu, 25 May 2017 06:49:52 GMT',
23 silly get     via: '1.1 varnish',
23 silly get     'cache-control': 'max-age=300',
23 silly get     etag: 'W/"58affce3-f585"',
23 silly get     age: '173',
23 silly get     connection: 'keep-alive',
23 silly get     'x-served-by': 'cache-hkg6825-HKG',
23 silly get     'x-cache': 'HIT',
23 silly get     'x-cache-hits': '1',
23 silly get     'x-timer': 'S1495694992.193445,VS0,VE1',
23 silly get     vary: 'Accept-Encoding' } ]
24 verbose etag https://registry.npmjs.org/grunt-contrib-imagemin from cache
25 verbose get saving grunt-contrib-imagemin to C:\Users\shine\AppData\Roaming\npm-cache\registry.npmjs.org\grunt-contrib-imagemin\.cache.json
26 verbose correctMkdir C:\Users\shine\AppData\Roaming\npm-cache correctMkdir not in flight; initializing
27 silly install normalizeTree
28 silly loadCurrentTree Finishing
29 silly loadIdealTree Starting
30 silly install loadIdealTree
31 silly cloneCurrentTree Starting
32 silly install cloneCurrentTreeToIdealTree
33 silly cloneCurrentTree Finishing
34 silly loadShrinkwrap Starting
35 silly install loadShrinkwrap
36 silly loadShrinkwrap Finishing
37 silly loadAllDepsIntoIdealTree Starting
38 silly install loadAllDepsIntoIdealTree
39 silly resolveWithNewModule grunt-contrib-imagemin@0.3.0 checking installable status
40 silly cache add args [ 'grunt-contrib-imagemin@~0.3.0', null ]
41 verbose cache add spec grunt-contrib-imagemin@~0.3.0
42 silly cache add parsed spec Result {
42 silly cache add   raw: 'grunt-contrib-imagemin@~0.3.0',
42 silly cache add   scope: null,
42 silly cache add   escapedName: 'grunt-contrib-imagemin',
42 silly cache add   name: 'grunt-contrib-imagemin',
42 silly cache add   rawSpec: '~0.3.0',
42 silly cache add   spec: '>=0.3.0 <0.4.0',
42 silly cache add   type: 'range' }
43 silly addNamed grunt-contrib-imagemin@>=0.3.0 <0.4.0
44 verbose addNamed ">=0.3.0 <0.4.0" is a valid semver range for grunt-contrib-imagemin
45 silly addNameRange { name: 'grunt-contrib-imagemin',
45 silly addNameRange   range: '>=0.3.0 <0.4.0',
45 silly addNameRange   hasData: false }
46 silly mapToRegistry name grunt-contrib-imagemin
47 silly mapToRegistry using default registry
48 silly mapToRegistry registry https://registry.npmjs.org/
49 silly mapToRegistry data Result {
49 silly mapToRegistry   raw: 'grunt-contrib-imagemin',
49 silly mapToRegistry   scope: null,
49 silly mapToRegistry   escapedName: 'grunt-contrib-imagemin',
49 silly mapToRegistry   name: 'grunt-contrib-imagemin',
49 silly mapToRegistry   rawSpec: '',
49 silly mapToRegistry   spec: 'latest',
49 silly mapToRegistry   type: 'tag' }
50 silly mapToRegistry uri https://registry.npmjs.org/grunt-contrib-imagemin
51 verbose addNameRange registry:https://registry.npmjs.org/grunt-contrib-imagemin not in flight; fetching
52 verbose get https://registry.npmjs.org/grunt-contrib-imagemin not expired, no request
53 silly addNameRange number 2 { name: 'grunt-contrib-imagemin',
53 silly addNameRange   range: '>=0.3.0 <0.4.0',
53 silly addNameRange   hasData: true }
54 silly addNameRange versions [ 'grunt-contrib-imagemin',
54 silly addNameRange   [ '0.1.0',
54 silly addNameRange     '0.1.1',
54 silly addNameRange     '0.1.2',
54 silly addNameRange     '0.1.3',
54 silly addNameRange     '0.1.4',
54 silly addNameRange     '0.1.1-rc7',
54 silly addNameRange     '0.1.1-rc8',
54 silly addNameRange     '0.2.0',
54 silly addNameRange     '0.2.1',
54 silly addNameRange     '0.3.0',
54 silly addNameRange     '0.4.0',
54 silly addNameRange     '0.4.1',
54 silly addNameRange     '0.5.0',
54 silly addNameRange     '0.6.0',
54 silly addNameRange     '0.6.1',
54 silly addNameRange     '0.7.0',
54 silly addNameRange     '0.7.1',
54 silly addNameRange     '0.7.2',
54 silly addNameRange     '0.8.0',
54 silly addNameRange     '0.8.1',
54 silly addNameRange     '0.9.0',
54 silly addNameRange     '0.9.1',
54 silly addNameRange     '0.9.2',
54 silly addNameRange     '0.9.3',
54 silly addNameRange     '0.9.4',
54 silly addNameRange     '1.0.0',
54 silly addNameRange     '1.0.1' ] ]
55 silly addNamed grunt-contrib-imagemin@0.3.0
56 verbose addNamed "0.3.0" is a plain semver version for grunt-contrib-imagemin
57 silly cache afterAdd grunt-contrib-imagemin@0.3.0
58 verbose afterAdd C:\Users\shine\AppData\Roaming\npm-cache\grunt-contrib-imagemin\0.3.0\package\package.json not in flight; writing
59 verbose correctMkdir C:\Users\shine\AppData\Roaming\npm-cache correctMkdir not in flight; initializing
60 verbose afterAdd C:\Users\shine\AppData\Roaming\npm-cache\grunt-contrib-imagemin\0.3.0\package\package.json written
61 silly fetchNamedPackageData gifsicle
62 silly mapToRegistry name gifsicle
63 silly mapToRegistry using default registry
64 silly mapToRegistry registry https://registry.npmjs.org/
65 silly mapToRegistry data Result {
65 silly mapToRegistry   raw: 'gifsicle',
65 silly mapToRegistry   scope: null,
65 silly mapToRegistry   escapedName: 'gifsicle',
65 silly mapToRegistry   name: 'gifsicle',
65 silly mapToRegistry   rawSpec: '',
65 silly mapToRegistry   spec: 'latest',
65 silly mapToRegistry   type: 'tag' }
66 silly mapToRegistry uri https://registry.npmjs.org/gifsicle
67 silly fetchNamedPackageData chalk
68 silly mapToRegistry name chalk
69 silly mapToRegistry using default registry
70 silly mapToRegistry registry https://registry.npmjs.org/
71 silly mapToRegistry data Result {
71 silly mapToRegistry   raw: 'chalk',
71 silly mapToRegistry   scope: null,
71 silly mapToRegistry   escapedName: 'chalk',
71 silly mapToRegistry   name: 'chalk',
71 silly mapToRegistry   rawSpec: '',
71 silly mapToRegistry   spec: 'latest',
71 silly mapToRegistry   type: 'tag' }
72 silly mapToRegistry uri https://registry.npmjs.org/chalk
73 verbose request uri https://registry.npmjs.org/chalk
74 verbose request no auth needed
75 info attempt registry request try #1 at 1:49:52 PM
76 verbose etag W/"5922924b-8a8d"
77 verbose lastModified Mon, 22 May 2017 07:24:59 GMT
78 http request GET https://registry.npmjs.org/chalk
79 verbose request uri https://registry.npmjs.org/gifsicle
80 verbose request no auth needed
81 info attempt registry request try #1 at 1:49:52 PM
82 verbose etag W/"58da2ef3-73a9"
83 verbose lastModified Tue, 28 Mar 2017 09:37:55 GMT
84 http request GET https://registry.npmjs.org/gifsicle
85 http 304 https://registry.npmjs.org/chalk
86 verbose headers { date: 'Thu, 25 May 2017 06:49:53 GMT',
86 verbose headers   via: '1.1 varnish',
86 verbose headers   'cache-control': 'max-age=300',
86 verbose headers   etag: 'W/"5922924b-8a8d"',
86 verbose headers   age: '199',
86 verbose headers   connection: 'keep-alive',
86 verbose headers   'x-served-by': 'cache-hkg6825-HKG',
86 verbose headers   'x-cache': 'HIT',
86 verbose headers   'x-cache-hits': '22',
86 verbose headers   'x-timer': 'S1495694993.333225,VS0,VE0',
86 verbose headers   vary: 'Accept-Encoding' }
87 silly get cb [ 304,
87 silly get   { date: 'Thu, 25 May 2017 06:49:53 GMT',
87 silly get     via: '1.1 varnish',
87 silly get     'cache-control': 'max-age=300',
87 silly get     etag: 'W/"5922924b-8a8d"',
87 silly get     age: '199',
87 silly get     connection: 'keep-alive',
87 silly get     'x-served-by': 'cache-hkg6825-HKG',
87 silly get     'x-cache': 'HIT',
87 silly get     'x-cache-hits': '22',
87 silly get     'x-timer': 'S1495694993.333225,VS0,VE0',
87 silly get     vary: 'Accept-Encoding' } ]
88 verbose etag https://registry.npmjs.org/chalk from cache
89 verbose get saving chalk to C:\Users\shine\AppData\Roaming\npm-cache\registry.npmjs.org\chalk\.cache.json
90 verbose correctMkdir C:\Users\shine\AppData\Roaming\npm-cache correctMkdir not in flight; initializing
91 silly resolveWithNewModule chalk@0.2.1 checking installable status
92 silly cache add args [ 'chalk@~0.2.0', null ]
93 verbose cache add spec chalk@~0.2.0
94 silly cache add parsed spec Result {
94 silly cache add   raw: 'chalk@~0.2.0',
94 silly cache add   scope: null,
94 silly cache add   escapedName: 'chalk',
94 silly cache add   name: 'chalk',
94 silly cache add   rawSpec: '~0.2.0',
94 silly cache add   spec: '>=0.2.0 <0.3.0',
94 silly cache add   type: 'range' }
95 silly addNamed chalk@>=0.2.0 <0.3.0
96 verbose addNamed ">=0.2.0 <0.3.0" is a valid semver range for chalk
97 silly addNameRange { name: 'chalk', range: '>=0.2.0 <0.3.0', hasData: false }
98 silly mapToRegistry name chalk
99 silly mapToRegistry using default registry
100 silly mapToRegistry registry https://registry.npmjs.org/
101 silly mapToRegistry data Result {
101 silly mapToRegistry   raw: 'chalk',
101 silly mapToRegistry   scope: null,
101 silly mapToRegistry   escapedName: 'chalk',
101 silly mapToRegistry   name: 'chalk',
101 silly mapToRegistry   rawSpec: '',
101 silly mapToRegistry   spec: 'latest',
101 silly mapToRegistry   type: 'tag' }
102 silly mapToRegistry uri https://registry.npmjs.org/chalk
103 verbose addNameRange registry:https://registry.npmjs.org/chalk not in flight; fetching
104 verbose get https://registry.npmjs.org/chalk not expired, no request
105 silly addNameRange number 2 { name: 'chalk', range: '>=0.2.0 <0.3.0', hasData: true }
106 silly addNameRange versions [ 'chalk',
106 silly addNameRange   [ '0.1.0',
106 silly addNameRange     '0.1.1',
106 silly addNameRange     '0.2.0',
106 silly addNameRange     '0.2.1',
106 silly addNameRange     '0.3.0',
106 silly addNameRange     '0.4.0',
106 silly addNameRange     '0.5.0',
106 silly addNameRange     '0.5.1',
106 silly addNameRange     '1.0.0',
106 silly addNameRange     '1.1.0',
106 silly addNameRange     '1.1.1',
106 silly addNameRange     '1.1.2',
106 silly addNameRange     '1.1.3' ] ]
107 silly addNamed chalk@0.2.1
108 verbose addNamed "0.2.1" is a plain semver version for chalk
109 silly cache afterAdd chalk@0.2.1
110 verbose afterAdd C:\Users\shine\AppData\Roaming\npm-cache\chalk\0.2.1\package\package.json not in flight; writing
111 verbose correctMkdir C:\Users\shine\AppData\Roaming\npm-cache correctMkdir not in flight; initializing
112 verbose afterAdd C:\Users\shine\AppData\Roaming\npm-cache\chalk\0.2.1\package\package.json written
113 http 304 https://registry.npmjs.org/gifsicle
114 verbose headers { date: 'Thu, 25 May 2017 06:49:54 GMT',
114 verbose headers   via: '1.1 varnish',
114 verbose headers   'cache-control': 'max-age=300',
114 verbose headers   etag: 'W/"58da2ef3-73a9"',
114 verbose headers   age: '90',
114 verbose headers   connection: 'keep-alive',
114 verbose headers   'x-served-by': 'cache-hkg6820-HKG',
114 verbose headers   'x-cache': 'HIT',
114 verbose headers   'x-cache-hits': '1',
114 verbose headers   'x-timer': 'S1495694995.550400,VS0,VE1',
114 verbose headers   vary: 'Accept-Encoding' }
115 silly get cb [ 304,
115 silly get   { date: 'Thu, 25 May 2017 06:49:54 GMT',
115 silly get     via: '1.1 varnish',
115 silly get     'cache-control': 'max-age=300',
115 silly get     etag: 'W/"58da2ef3-73a9"',
115 silly get     age: '90',
115 silly get     connection: 'keep-alive',
115 silly get     'x-served-by': 'cache-hkg6820-HKG',
115 silly get     'x-cache': 'HIT',
115 silly get     'x-cache-hits': '1',
115 silly get     'x-timer': 'S1495694995.550400,VS0,VE1',
115 silly get     vary: 'Accept-Encoding' } ]
116 verbose etag https://registry.npmjs.org/gifsicle from cache
117 verbose get saving gifsicle to C:\Users\shine\AppData\Roaming\npm-cache\registry.npmjs.org\gifsicle\.cache.json
118 verbose correctMkdir C:\Users\shine\AppData\Roaming\npm-cache correctMkdir not in flight; initializing
119 silly resolveWithNewModule gifsicle@0.1.7 checking installable status
120 silly cache add args [ 'gifsicle@~0.1.0', null ]
121 verbose cache add spec gifsicle@~0.1.0
122 silly cache add parsed spec Result {
122 silly cache add   raw: 'gifsicle@~0.1.0',
122 silly cache add   scope: null,
122 silly cache add   escapedName: 'gifsicle',
122 silly cache add   name: 'gifsicle',
122 silly cache add   rawSpec: '~0.1.0',
122 silly cache add   spec: '>=0.1.0 <0.2.0',
122 silly cache add   type: 'range' }
123 silly addNamed gifsicle@>=0.1.0 <0.2.0
124 verbose addNamed ">=0.1.0 <0.2.0" is a valid semver range for gifsicle
125 silly addNameRange { name: 'gifsicle', range: '>=0.1.0 <0.2.0', hasData: false }
126 silly mapToRegistry name gifsicle
127 silly mapToRegistry using default registry
128 silly mapToRegistry registry https://registry.npmjs.org/
129 silly mapToRegistry data Result {
129 silly mapToRegistry   raw: 'gifsicle',
129 silly mapToRegistry   scope: null,
129 silly mapToRegistry   escapedName: 'gifsicle',
129 silly mapToRegistry   name: 'gifsicle',
129 silly mapToRegistry   rawSpec: '',
129 silly mapToRegistry   spec: 'latest',
129 silly mapToRegistry   type: 'tag' }
130 silly mapToRegistry uri https://registry.npmjs.org/gifsicle
131 verbose addNameRange registry:https://registry.npmjs.org/gifsicle not in flight; fetching
132 verbose get https://registry.npmjs.org/gifsicle not expired, no request
133 silly addNameRange number 2 { name: 'gifsicle', range: '>=0.1.0 <0.2.0', hasData: true }
134 silly addNameRange versions [ 'gifsicle',
134 silly addNameRange   [ '0.1.0',
134 silly addNameRange     '0.1.1',
134 silly addNameRange     '0.1.2',
134 silly addNameRange     '0.1.3',
134 silly addNameRange     '0.1.4',
134 silly addNameRange     '0.1.5',
134 silly addNameRange     '0.1.6',
134 silly addNameRange     '0.1.7',
134 silly addNameRange     '1.0.0',
134 silly addNameRange     '1.0.1',
134 silly addNameRange     '1.0.2',
134 silly addNameRange     '1.0.3',
134 silly addNameRange     '2.0.0',
134 silly addNameRange     '2.0.1',
134 silly addNameRange     '3.0.0',
134 silly addNameRange     '3.0.1',
134 silly addNameRange     '3.0.2',
134 silly addNameRange     '3.0.3',
134 silly addNameRange     '3.0.4' ] ]
135 silly addNamed gifsicle@0.1.7
136 verbose addNamed "0.1.7" is a plain semver version for gifsicle
137 silly cache afterAdd gifsicle@0.1.7
138 verbose afterAdd C:\Users\shine\AppData\Roaming\npm-cache\gifsicle\0.1.7\package\package.json not in flight; writing
139 verbose correctMkdir C:\Users\shine\AppData\Roaming\npm-cache correctMkdir not in flight; initializing
140 verbose afterAdd C:\Users\shine\AppData\Roaming\npm-cache\gifsicle\0.1.7\package\package.json written
141 silly fetchNamedPackageData ansi-styles
142 silly mapToRegistry name ansi-styles
143 silly mapToRegistry using default registry
144 silly mapToRegistry registry https://registry.npmjs.org/
145 silly mapToRegistry data Result {
145 silly mapToRegistry   raw: 'ansi-styles',
145 silly mapToRegistry   scope: null,
145 silly mapToRegistry   escapedName: 'ansi-styles',
145 silly mapToRegistry   name: 'ansi-styles',
145 silly mapToRegistry   rawSpec: '',
145 silly mapToRegistry   spec: 'latest',
145 silly mapToRegistry   type: 'tag' }
146 silly mapToRegistry uri https://registry.npmjs.org/ansi-styles
147 verbose request uri https://registry.npmjs.org/ansi-styles
148 verbose request no auth needed
149 info attempt registry request try #1 at 1:49:53 PM
150 verbose etag W/"58d490a1-4618"
151 verbose lastModified Fri, 24 Mar 2017 03:21:05 GMT
152 http request GET https://registry.npmjs.org/ansi-styles
153 http 304 https://registry.npmjs.org/ansi-styles
154 verbose headers { date: 'Thu, 25 May 2017 06:49:55 GMT',
154 verbose headers   via: '1.1 varnish',
154 verbose headers   'cache-control': 'max-age=300',
154 verbose headers   etag: 'W/"58d490a1-4618"',
154 verbose headers   age: '209',
154 verbose headers   connection: 'keep-alive',
154 verbose headers   'x-served-by': 'cache-hkg6825-HKG',
154 verbose headers   'x-cache': 'HIT',
154 verbose headers   'x-cache-hits': '22',
154 verbose headers   'x-timer': 'S1495694995.239281,VS0,VE0',
154 verbose headers   vary: 'Accept-Encoding' }
155 silly get cb [ 304,
155 silly get   { date: 'Thu, 25 May 2017 06:49:55 GMT',
155 silly get     via: '1.1 varnish',
155 silly get     'cache-control': 'max-age=300',
155 silly get     etag: 'W/"58d490a1-4618"',
155 silly get     age: '209',
155 silly get     connection: 'keep-alive',
155 silly get     'x-served-by': 'cache-hkg6825-HKG',
155 silly get     'x-cache': 'HIT',
155 silly get     'x-cache-hits': '22',
155 silly get     'x-timer': 'S1495694995.239281,VS0,VE0',
155 silly get     vary: 'Accept-Encoding' } ]
156 verbose etag https://registry.npmjs.org/ansi-styles from cache
157 verbose get saving ansi-styles to C:\Users\shine\AppData\Roaming\npm-cache\registry.npmjs.org\ansi-styles\.cache.json
158 verbose correctMkdir C:\Users\shine\AppData\Roaming\npm-cache correctMkdir not in flight; initializing
159 silly resolveWithNewModule ansi-styles@0.2.0 checking installable status
160 silly cache add args [ 'ansi-styles@~0.2.0', null ]
161 verbose cache add spec ansi-styles@~0.2.0
162 silly cache add parsed spec Result {
162 silly cache add   raw: 'ansi-styles@~0.2.0',
162 silly cache add   scope: null,
162 silly cache add   escapedName: 'ansi-styles',
162 silly cache add   name: 'ansi-styles',
162 silly cache add   rawSpec: '~0.2.0',
162 silly cache add   spec: '>=0.2.0 <0.3.0',
162 silly cache add   type: 'range' }
163 silly addNamed ansi-styles@>=0.2.0 <0.3.0
164 verbose addNamed ">=0.2.0 <0.3.0" is a valid semver range for ansi-styles
165 silly addNameRange { name: 'ansi-styles', range: '>=0.2.0 <0.3.0', hasData: false }
166 silly mapToRegistry name ansi-styles
167 silly mapToRegistry using default registry
168 silly mapToRegistry registry https://registry.npmjs.org/
169 silly mapToRegistry data Result {
169 silly mapToRegistry   raw: 'ansi-styles',
169 silly mapToRegistry   scope: null,
169 silly mapToRegistry   escapedName: 'ansi-styles',
169 silly mapToRegistry   name: 'ansi-styles',
169 silly mapToRegistry   rawSpec: '',
169 silly mapToRegistry   spec: 'latest',
169 silly mapToRegistry   type: 'tag' }
170 silly mapToRegistry uri https://registry.npmjs.org/ansi-styles
171 verbose addNameRange registry:https://registry.npmjs.org/ansi-styles not in flight; fetching
172 verbose get https://registry.npmjs.org/ansi-styles not expired, no request
173 silly addNameRange number 2 { name: 'ansi-styles', range: '>=0.2.0 <0.3.0', hasData: true }
174 silly addNameRange versions [ 'ansi-styles',
174 silly addNameRange   [ '0.1.0',
174 silly addNameRange     '0.1.1',
174 silly addNameRange     '0.1.2',
174 silly addNameRange     '0.2.0',
174 silly addNameRange     '1.0.0',
174 silly addNameRange     '1.1.0',
174 silly addNameRange     '2.0.0',
174 silly addNameRange     '2.0.1',
174 silly addNameRange     '2.1.0',
174 silly addNameRange     '2.2.1',
174 silly addNameRange     '3.0.0' ] ]
175 silly addNamed ansi-styles@0.2.0
176 verbose addNamed "0.2.0" is a plain semver version for ansi-styles
177 silly cache afterAdd ansi-styles@0.2.0
178 verbose afterAdd C:\Users\shine\AppData\Roaming\npm-cache\ansi-styles\0.2.0\package\package.json not in flight; writing
179 verbose correctMkdir C:\Users\shine\AppData\Roaming\npm-cache correctMkdir not in flight; initializing
180 verbose afterAdd C:\Users\shine\AppData\Roaming\npm-cache\ansi-styles\0.2.0\package\package.json written
181 silly fetchNamedPackageData fsevents
182 silly mapToRegistry name fsevents
183 silly mapToRegistry using default registry
184 silly mapToRegistry registry https://registry.npmjs.org/
185 silly mapToRegistry data Result {
185 silly mapToRegistry   raw: 'fsevents',
185 silly mapToRegistry   scope: null,
185 silly mapToRegistry   escapedName: 'fsevents',
185 silly mapToRegistry   name: 'fsevents',
185 silly mapToRegistry   rawSpec: '',
185 silly mapToRegistry   spec: 'latest',
185 silly mapToRegistry   type: 'tag' }
186 silly mapToRegistry uri https://registry.npmjs.org/fsevents
187 verbose request uri https://registry.npmjs.org/fsevents
188 verbose request no auth needed
189 info attempt registry request try #1 at 1:49:55 PM
190 verbose etag W/"5924f6b0-d606"
191 verbose lastModified Wed, 24 May 2017 02:57:52 GMT
192 http request GET https://registry.npmjs.org/fsevents
193 http 304 https://registry.npmjs.org/fsevents
194 verbose headers { date: 'Thu, 25 May 2017 06:49:56 GMT',
194 verbose headers   via: '1.1 varnish',
194 verbose headers   'cache-control': 'max-age=300',
194 verbose headers   etag: 'W/"5924f6b0-d606"',
194 verbose headers   age: '137',
194 verbose headers   connection: 'keep-alive',
194 verbose headers   'x-served-by': 'cache-hkg6820-HKG',
194 verbose headers   'x-cache': 'HIT',
194 verbose headers   'x-cache-hits': '7',
194 verbose headers   'x-timer': 'S1495694996.307025,VS0,VE0',
194 verbose headers   vary: 'Accept-Encoding' }
195 silly get cb [ 304,
195 silly get   { date: 'Thu, 25 May 2017 06:49:56 GMT',
195 silly get     via: '1.1 varnish',
195 silly get     'cache-control': 'max-age=300',
195 silly get     etag: 'W/"5924f6b0-d606"',
195 silly get     age: '137',
195 silly get     connection: 'keep-alive',
195 silly get     'x-served-by': 'cache-hkg6820-HKG',
195 silly get     'x-cache': 'HIT',
195 silly get     'x-cache-hits': '7',
195 silly get     'x-timer': 'S1495694996.307025,VS0,VE0',
195 silly get     vary: 'Accept-Encoding' } ]
196 verbose etag https://registry.npmjs.org/fsevents from cache
197 verbose get saving fsevents to C:\Users\shine\AppData\Roaming\npm-cache\registry.npmjs.org\fsevents\.cache.json
198 verbose correctMkdir C:\Users\shine\AppData\Roaming\npm-cache correctMkdir not in flight; initializing
199 silly resolveWithNewModule fsevents@1.1.1 checking installable status
200 silly loadAllDepsIntoIdealTree Finishing
201 silly loadIdealTree Finishing
202 silly currentTree calculoid@0.0.0
202 silly currentTree +-- abbrev@1.1.0
202 silly currentTree +-- accepts@1.2.13
202 silly currentTree +-- active-x-obfuscator@0.0.1
202 silly currentTree +-- adm-zip@0.4.7
202 silly currentTree +-- ajv@4.11.8
202 silly currentTree +-- amdefine@1.0.1
202 silly currentTree +-- ansi-regex@2.1.1
202 silly currentTree +-- ansi-styles@0.1.2
202 silly currentTree +-- ansi@0.3.1
202 silly currentTree +-- anymatch@1.3.0
202 silly currentTree +-- archy@0.0.2
202 silly currentTree +-- argparse@0.1.16
202 silly currentTree | `-- underscore.string@2.4.0
202 silly currentTree +-- arr-diff@2.0.0
202 silly currentTree +-- arr-flatten@1.0.3
202 silly currentTree +-- array-unique@0.2.1
202 silly currentTree +-- arrify@1.0.1
202 silly currentTree +-- asn1@0.2.3
202 silly currentTree +-- assert-plus@0.2.0
202 silly currentTree +-- astral-angular-annotate@0.0.2
202 silly currentTree +-- astral-pass@0.1.0
202 silly currentTree +-- astral@0.1.0
202 silly currentTree +-- async-each@1.0.1
202 silly currentTree +-- async@0.1.22
202 silly currentTree +-- asynckit@0.4.0
202 silly currentTree +-- aws-sign2@0.6.0
202 silly currentTree +-- aws4@1.6.0
202 silly currentTree +-- balanced-match@0.4.2
202 silly currentTree +-- base64-url@1.2.1
202 silly currentTree +-- base64id@0.1.0
202 silly currentTree +-- basic-auth-connect@1.0.0
202 silly currentTree +-- basic-auth@1.0.4
202 silly currentTree +-- batch@0.5.3
202 silly currentTree +-- bcrypt-pbkdf@1.0.1
202 silly currentTree +-- bin-build@0.1.1
202 silly currentTree +-- bin-check@0.1.5
202 silly currentTree +-- bin-wrapper@0.3.4
202 silly currentTree +-- binary-extensions@1.8.0
202 silly currentTree +-- binary@0.3.0
202 silly currentTree +-- block-stream@0.0.9
202 silly currentTree +-- body-parser@1.13.3
202 silly currentTree | +-- bytes@2.1.0
202 silly currentTree | +-- debug@2.2.0
202 silly currentTree | +-- iconv-lite@0.4.11
202 silly currentTree | +-- ms@0.7.1
202 silly currentTree | `-- qs@4.0.0
202 silly currentTree +-- boom@2.10.1
202 silly currentTree +-- bower@0.9.2
202 silly currentTree | +-- abbrev@1.0.9
202 silly currentTree | +-- async@0.2.10
202 silly currentTree | +-- graceful-fs@1.1.14
202 silly currentTree | +-- lodash@1.0.2
202 silly currentTree | +-- nopt@2.0.0
202 silly currentTree | +-- request@2.11.4
202 silly currentTree | | +-- form-data@0.0.3
202 silly currentTree | | | +-- async@0.1.9
202 silly currentTree | | | `-- combined-stream@0.0.3
202 silly currentTree | | |   `-- delayed-stream@0.0.5
202 silly currentTree | | `-- mime@1.2.7
202 silly currentTree | `-- rimraf@2.0.3
202 silly currentTree +-- brace-expansion@1.1.7
202 silly currentTree +-- braces@1.8.5
202 silly currentTree +-- buffer-crc32@0.2.1
202 silly currentTree +-- buffer-shims@1.0.0
202 silly currentTree +-- buffers@0.1.1
202 silly currentTree +-- bytes@0.2.0
202 silly currentTree +-- camelcase@1.2.1
202 silly currentTree +-- caseless@0.12.0
202 silly currentTree +-- chainsaw@0.1.0
202 silly currentTree +-- chalk@0.1.1
202 silly currentTree +-- chokidar@1.7.0
202 silly currentTree +-- clean-css@2.0.8
202 silly currentTree +-- cli@0.4.5
202 silly currentTree +-- clone@0.1.19
202 silly currentTree +-- co@4.6.0
202 silly currentTree +-- coa@0.3.9
202 silly currentTree +-- coffee-script@1.3.3
202 silly currentTree +-- colors@0.6.2
202 silly currentTree +-- combined-stream@1.0.5
202 silly currentTree +-- commander@2.0.0
202 silly currentTree +-- compressible@2.0.10
202 silly currentTree +-- compression@1.5.2
202 silly currentTree | +-- bytes@2.1.0
202 silly currentTree | +-- debug@2.2.0
202 silly currentTree | `-- ms@0.7.1
202 silly currentTree +-- concat-map@0.0.1
202 silly currentTree +-- config-chain@0.3.4
202 silly currentTree +-- configstore@0.3.2
202 silly currentTree | +-- argparse@1.0.9
202 silly currentTree | +-- esprima@3.1.3
202 silly currentTree | +-- graceful-fs@3.0.11
202 silly currentTree | +-- js-yaml@3.8.4
202 silly currentTree | +-- mkdirp@0.5.1
202 silly currentTree | +-- object-assign@2.1.1
202 silly currentTree | `-- uuid@2.0.3
202 silly currentTree +-- connect-livereload@0.2.0
202 silly currentTree +-- connect-timeout@1.6.2
202 silly currentTree | +-- debug@2.2.0
202 silly currentTree | `-- ms@0.7.1
202 silly currentTree +-- connect@2.7.11
202 silly currentTree +-- console-browserify@0.1.6
202 silly currentTree +-- content-type@1.0.2
202 silly currentTree +-- cookie-parser@1.3.5
202 silly currentTree | +-- cookie-signature@1.0.6
202 silly currentTree | `-- cookie@0.1.3
202 silly currentTree +-- cookie-signature@1.0.1
202 silly currentTree +-- cookie@0.0.5
202 silly currentTree +-- core-util-is@1.0.2
202 silly currentTree +-- crc@3.3.0
202 silly currentTree +-- cryptiles@2.0.5
202 silly currentTree +-- csrf@3.0.6
202 silly currentTree +-- css-parse@1.6.0
202 silly currentTree +-- css-stringify@1.4.1
202 silly currentTree +-- csurf@1.8.3
202 silly currentTree | +-- cookie-signature@1.0.6
202 silly currentTree | `-- cookie@0.1.3
202 silly currentTree +-- dargs@0.1.0
202 silly currentTree +-- dashdash@1.14.1
202 silly currentTree | `-- assert-plus@1.0.0
202 silly currentTree +-- datauri@0.2.1
202 silly currentTree +-- date-time@0.1.1
202 silly currentTree +-- dateformat@1.0.2-1.2.3
202 silly currentTree +-- debug@2.6.8
202 silly currentTree +-- decamelize@1.2.0
202 silly currentTree +-- decompress@0.2.5
202 silly currentTree | `-- nopt@2.2.1
202 silly currentTree +-- deep-equal@1.0.1
202 silly currentTree +-- delayed-stream@1.0.0
202 silly currentTree +-- depd@1.0.1
202 silly currentTree +-- destroy@1.0.4
202 silly currentTree +-- di@0.0.1
202 silly currentTree +-- download@0.1.19
202 silly currentTree | `-- nopt@2.2.1
202 silly currentTree +-- duplexer@0.1.1
202 silly currentTree +-- each-async@0.1.3
202 silly currentTree +-- ecc-jsbn@0.1.1
202 silly currentTree +-- ee-first@1.1.1
202 silly currentTree +-- errorhandler@1.4.3
202 silly currentTree | +-- accepts@1.3.3
202 silly currentTree | `-- negotiator@0.6.1
202 silly currentTree +-- escape-html@1.0.3
202 silly currentTree +-- escape-string-regexp@1.0.5
202 silly currentTree +-- escodegen@0.0.28
202 silly currentTree +-- esprima@1.0.4
202 silly currentTree +-- estraverse@1.3.2
202 silly currentTree +-- etag@1.7.0
202 silly currentTree +-- eventemitter2@0.4.14
202 silly currentTree +-- executable@0.1.3
202 silly currentTree +-- exit@0.1.2
202 silly currentTree +-- expand-brackets@0.1.5
202 silly currentTree +-- expand-range@1.8.2
202 silly currentTree +-- express-session@1.11.3
202 silly currentTree | +-- cookie-signature@1.0.6
202 silly currentTree | +-- cookie@0.1.3
202 silly currentTree | +-- debug@2.2.0
202 silly currentTree | +-- ms@0.7.1
202 silly currentTree | `-- uid-safe@2.0.0
202 silly currentTree +-- ext-list@0.2.0
202 silly currentTree +-- ext-name@1.0.1
202 silly currentTree | `-- underscore.string@2.3.3
202 silly currentTree +-- extend@3.0.1
202 silly currentTree +-- extglob@0.3.2
202 silly currentTree +-- extsprintf@1.0.2
202 silly currentTree +-- faye-websocket@0.4.4
202 silly currentTree +-- filename-regex@2.0.1
202 silly currentTree +-- filesize@1.10.0
202 silly currentTree +-- fill-range@2.2.3
202 silly currentTree +-- finalhandler@0.4.0
202 silly currentTree | +-- debug@2.2.0
202 silly currentTree | +-- escape-html@1.0.2
202 silly currentTree | `-- ms@0.7.1
202 silly currentTree +-- find-file@0.1.4
202 silly currentTree +-- findup-sync@0.1.3
202 silly currentTree | +-- glob@3.2.11
202 silly currentTree | +-- lodash@2.4.2
202 silly currentTree | `-- minimatch@0.3.0
202 silly currentTree +-- for-in@1.0.2
202 silly currentTree +-- for-own@0.1.5
202 silly currentTree +-- forever-agent@0.6.1
202 silly currentTree +-- form-data@2.1.4
202 silly currentTree +-- formidable@1.0.14
202 silly currentTree +-- fresh@0.1.0
202 silly currentTree +-- fs.realpath@1.0.0
202 silly currentTree +-- fstream@0.1.31
202 silly currentTree | +-- graceful-fs@3.0.11
202 silly currentTree | `-- mkdirp@0.5.1
202 silly currentTree +-- gaze@0.4.3
202 silly currentTree +-- get-stdin@0.1.0
202 silly currentTree +-- get-urls@0.1.2
202 silly currentTree +-- getobject@0.1.0
202 silly currentTree +-- getpass@0.1.7
202 silly currentTree | `-- assert-plus@1.0.0
202 silly currentTree +-- glob-base@0.3.0
202 silly currentTree +-- glob-parent@2.0.0
202 silly currentTree +-- glob@3.1.21
202 silly currentTree | `-- inherits@1.0.2
202 silly currentTree +-- globule@0.1.0
202 silly currentTree | `-- lodash@1.0.2
202 silly currentTree +-- google-cdn@0.1.4
202 silly currentTree | +-- debug@0.7.4
202 silly currentTree | `-- semver@2.0.11
202 silly currentTree +-- got@0.2.0
202 silly currentTree +-- graceful-fs@1.2.3
202 silly currentTree +-- grunt-autoprefixer@0.4.2
202 silly currentTree | `-- autoprefixer@0.8.20131213
202 silly currentTree +-- grunt-bower-install@0.7.0
202 silly currentTree +-- grunt-build-control@0.1.8
202 silly currentTree +-- grunt-concurrent@0.4.3
202 silly currentTree | `-- async@0.2.10
202 silly currentTree +-- grunt-contrib-clean@0.5.0
202 silly currentTree +-- grunt-contrib-coffee@0.7.0
202 silly currentTree | `-- coffee-script@1.6.3
202 silly currentTree +-- grunt-contrib-compass@0.6.0
202 silly currentTree | `-- async@0.2.10
202 silly currentTree +-- grunt-contrib-concat@0.3.0
202 silly currentTree +-- grunt-contrib-connect@0.5.0
202 silly currentTree +-- grunt-contrib-copy@0.4.1
202 silly currentTree +-- grunt-contrib-cssmin@0.7.0
202 silly currentTree +-- grunt-contrib-htmlmin@0.1.3
202 silly currentTree +-- grunt-contrib-jshint@0.7.2
202 silly currentTree +-- grunt-contrib-uglify@0.2.7
202 silly currentTree +-- grunt-contrib-watch@0.5.3
202 silly currentTree +-- grunt-google-cdn@0.2.2
202 silly currentTree +-- grunt-inline@0.2.9
202 silly currentTree | +-- async@0.2.10
202 silly currentTree | +-- clean-css@1.1.7
202 silly currentTree | `-- uglify-js@2.4.1
202 silly currentTree +-- grunt-karma@0.8.3
202 silly currentTree | `-- lodash@2.4.2
202 silly currentTree +-- grunt-legacy-log-utils@0.1.1
202 silly currentTree | +-- lodash@2.4.2
202 silly currentTree | `-- underscore.string@2.3.3
202 silly currentTree +-- grunt-legacy-log@0.1.3
202 silly currentTree | +-- lodash@2.4.2
202 silly currentTree | `-- underscore.string@2.3.3
202 silly currentTree +-- grunt-legacy-util@0.2.0
202 silly currentTree +-- grunt-lib-contrib@0.6.1
202 silly currentTree +-- grunt-newer@0.5.4
202 silly currentTree +-- grunt-ngmin@0.0.3
202 silly currentTree +-- grunt-rev@0.1.0
202 silly currentTree +-- grunt-svgmin@0.2.1
202 silly currentTree | +-- ansi-styles@0.2.0
202 silly currentTree | +-- chalk@0.3.0
202 silly currentTree | `-- filesize@2.0.4
202 silly currentTree +-- grunt-usemin@2.0.2
202 silly currentTree | +-- debug@0.7.4
202 silly currentTree | `-- lodash@1.0.2
202 silly currentTree +-- grunt@0.4.5
202 silly currentTree +-- har-schema@1.0.5
202 silly currentTree +-- har-validator@4.2.1
202 silly currentTree +-- has-ansi@2.0.0
202 silly currentTree +-- has-color@0.1.7
202 silly currentTree +-- hawk@3.1.3
202 silly currentTree +-- hoek@2.16.3
202 silly currentTree +-- hogan.js@2.0.0
202 silly currentTree +-- hooker@0.2.3
202 silly currentTree +-- html-minifier@0.5.6
202 silly currentTree +-- http-errors@1.3.1
202 silly currentTree +-- http-proxy@0.10.4
202 silly currentTree | `-- optimist@0.6.1
202 silly currentTree +-- http-signature@1.1.1
202 silly currentTree +-- i@0.3.5
202 silly currentTree +-- iconv-lite@0.2.11
202 silly currentTree +-- inflight@1.0.6
202 silly currentTree +-- inherits@2.0.3
202 silly currentTree +-- ini@1.0.5
202 silly currentTree +-- is-binary-path@1.0.1
202 silly currentTree +-- is-buffer@1.1.5
202 silly currentTree +-- is-dotfile@1.0.2
202 silly currentTree +-- is-equal-shallow@0.1.3
202 silly currentTree +-- is-extendable@0.1.1
202 silly currentTree +-- is-extglob@1.0.0
202 silly currentTree +-- is-glob@2.0.1
202 silly currentTree +-- is-number@2.1.0
202 silly currentTree +-- is-posix-bracket@0.1.1
202 silly currentTree +-- is-primitive@2.0.0
202 silly currentTree +-- is-typedarray@1.0.0
202 silly currentTree +-- isarray@0.0.1
202 silly currentTree +-- isobject@2.1.0
202 silly currentTree | `-- isarray@1.0.0
202 silly currentTree +-- isstream@0.1.2
202 silly currentTree +-- jodid25519@1.0.2
202 silly currentTree +-- jpegtran-bin@0.2.8
202 silly currentTree +-- js-yaml@2.0.5
202 silly currentTree +-- jsbn@0.1.1
202 silly currentTree +-- jshint-stylish@0.1.5
202 silly currentTree | +-- ansi-styles@1.0.0
202 silly currentTree | +-- chalk@0.4.0
202 silly currentTree | `-- strip-ansi@0.1.1
202 silly currentTree +-- jshint@2.3.0
202 silly currentTree | +-- shelljs@0.1.4
202 silly currentTree | `-- underscore@1.4.4
202 silly currentTree +-- json-schema@0.2.3
202 silly currentTree +-- json-stable-stringify@1.0.1
202 silly currentTree +-- json-stringify-safe@5.0.1
202 silly currentTree +-- jsonify@0.0.0
202 silly currentTree +-- jsprim@1.4.0
202 silly currentTree | `-- assert-plus@1.0.0
202 silly currentTree +-- karma-ng-html2js-preprocessor@0.1.2
202 silly currentTree +-- karma-ng-scenario@0.1.0
202 silly currentTree +-- karma@0.12.37
202 silly currentTree | +-- bytes@2.1.0
202 silly currentTree | +-- colors@1.1.2
202 silly currentTree | +-- connect@2.30.2
202 silly currentTree | +-- cookie-signature@1.0.6
202 silly currentTree | +-- cookie@0.1.3
202 silly currentTree | +-- debug@2.2.0
202 silly currentTree | +-- fresh@0.3.0
202 silly currentTree | +-- glob@5.0.15
202 silly currentTree | +-- graceful-fs@3.0.11
202 silly currentTree | +-- lodash@3.10.1
202 silly currentTree | +-- mime@1.3.6
202 silly currentTree | +-- minimatch@2.0.10
202 silly currentTree | +-- ms@0.7.1
202 silly currentTree | +-- optimist@0.6.1
202 silly currentTree | +-- pause@0.1.0
202 silly currentTree | +-- q@1.5.0
202 silly currentTree | +-- qs@4.0.0
202 silly currentTree | +-- rimraf@2.6.1
202 silly currentTree | | +-- glob@7.1.2
202 silly currentTree | | `-- minimatch@3.0.4
202 silly currentTree | `-- source-map@0.4.4
202 silly currentTree +-- keypress@0.1.0
202 silly currentTree +-- kind-of@3.2.2
202 silly currentTree +-- load-grunt-tasks@0.2.1
202 silly currentTree +-- lodash@0.9.2
202 silly currentTree +-- log-symbols@1.0.2
202 silly currentTree | +-- ansi-styles@2.2.1
202 silly currentTree | `-- chalk@1.1.3
202 silly currentTree +-- log4js@0.6.38
202 silly currentTree | `-- semver@4.3.6
202 silly currentTree +-- lpad@0.1.0
202 silly currentTree +-- lru-cache@2.7.3
202 silly currentTree +-- match-stream@0.0.1
202 silly currentTree +-- media-typer@0.3.0
202 silly currentTree +-- method-override@2.3.9
202 silly currentTree | `-- vary@1.1.1
202 silly currentTree +-- methods@1.1.2
202 silly currentTree +-- micromatch@2.3.11
202 silly currentTree +-- mime-db@1.27.0
202 silly currentTree +-- mime-types@2.1.15
202 silly currentTree +-- mime@1.2.11
202 silly currentTree +-- mimer@0.2.1
202 silly currentTree +-- minimatch@0.2.14
202 silly currentTree +-- minimist@0.0.8
202 silly currentTree +-- mkdirp@0.3.5
202 silly currentTree +-- morgan@1.6.1
202 silly currentTree | +-- debug@2.2.0
202 silly currentTree | `-- ms@0.7.1
202 silly currentTree +-- mout@0.9.1
202 silly currentTree +-- ms@2.0.0
202 silly currentTree +-- multiparty@3.3.2
202 silly currentTree | `-- readable-stream@1.1.14
202 silly currentTree +-- mute-stream@0.0.7
202 silly currentTree +-- nan@1.0.0
202 silly currentTree +-- natives@1.1.0
202 silly currentTree +-- ncp@0.4.2
202 silly currentTree +-- negotiator@0.5.3
202 silly currentTree +-- ngmin@0.4.1
202 silly currentTree | `-- commander@1.1.1
202 silly currentTree +-- nopt@1.0.10
202 silly currentTree +-- noptify@0.0.3
202 silly currentTree | `-- nopt@2.0.0
202 silly currentTree +-- normalize-path@2.1.1
202 silly currentTree +-- npmlog@0.1.1
202 silly currentTree +-- oauth-sign@0.8.2
202 silly currentTree +-- object-assign@0.3.1
202 silly currentTree +-- object-keys@0.4.0
202 silly currentTree +-- object.omit@2.0.1
202 silly currentTree +-- on-finished@2.3.0
202 silly currentTree +-- on-headers@1.0.1
202 silly currentTree +-- once@1.4.0
202 silly currentTree +-- open@0.0.4
202 silly currentTree +-- optimist@0.3.7
202 silly currentTree +-- options@0.0.6
202 silly currentTree +-- optipng-bin@0.3.11
202 silly currentTree +-- os-homedir@1.0.2
202 silly currentTree +-- os-tmpdir@1.0.2
202 silly currentTree +-- osenv@0.1.4
202 silly currentTree +-- over@0.0.5
202 silly currentTree +-- parse-glob@3.0.4
202 silly currentTree +-- parseurl@1.3.1
202 silly currentTree +-- path-is-absolute@1.0.1
202 silly currentTree +-- pause@0.0.1
202 silly currentTree +-- performance-now@0.2.0
202 silly currentTree +-- pkginfo@0.3.1
202 silly currentTree +-- pngquant-bin@0.1.7
202 silly currentTree | +-- ansi-styles@1.0.0
202 silly currentTree | +-- bin-wrapper@0.2.4
202 silly currentTree | +-- chalk@0.4.0
202 silly currentTree | `-- strip-ansi@0.1.1
202 silly currentTree +-- policyfile@0.0.4
202 silly currentTree +-- preserve@0.2.0
202 silly currentTree +-- process-nextick-args@1.0.7
202 silly currentTree +-- promptly@0.1.0
202 silly currentTree +-- proto-list@1.2.4
202 silly currentTree +-- pullstream@0.4.1
202 silly currentTree +-- punycode@1.4.1
202 silly currentTree +-- q@0.8.12
202 silly currentTree +-- qs@0.6.5
202 silly currentTree +-- random-bytes@1.0.0
202 silly currentTree +-- randomatic@1.1.6
202 silly currentTree +-- range-parser@0.0.4
202 silly currentTree +-- raw-body@2.1.7
202 silly currentTree | +-- bytes@2.4.0
202 silly currentTree | `-- iconv-lite@0.4.13
202 silly currentTree +-- rc@0.0.8
202 silly currentTree +-- read-package-json@0.1.13
202 silly currentTree | `-- lru-cache@2.0.4
202 silly currentTree +-- read@1.0.7
202 silly currentTree +-- readable-stream@1.0.34
202 silly currentTree +-- readdirp@2.1.0
202 silly currentTree | +-- graceful-fs@4.1.11
202 silly currentTree | +-- isarray@1.0.0
202 silly currentTree | +-- minimatch@3.0.4
202 silly currentTree | +-- readable-stream@2.2.9
202 silly currentTree | `-- string_decoder@1.0.1
202 silly currentTree +-- redis@0.7.3
202 silly currentTree +-- regex-cache@0.4.3
202 silly currentTree +-- remove-trailing-separator@1.0.1
202 silly currentTree +-- repeat-element@1.1.2
202 silly currentTree +-- repeat-string@1.6.1
202 silly currentTree +-- request@2.81.0
202 silly currentTree | +-- qs@6.4.0
202 silly currentTree | `-- uuid@3.0.1
202 silly currentTree +-- response-time@2.3.2
202 silly currentTree | `-- depd@1.1.0
202 silly currentTree +-- rimraf@2.2.8
202 silly currentTree +-- rndm@1.2.0
202 silly currentTree +-- safe-buffer@5.0.1
202 silly currentTree +-- sax@0.5.8
202 silly currentTree +-- semver@1.1.4
202 silly currentTree +-- send@0.1.1
202 silly currentTree +-- serve-favicon@2.3.2
202 silly currentTree | +-- fresh@0.3.0
202 silly currentTree | `-- ms@0.7.2
202 silly currentTree +-- serve-index@1.7.3
202 silly currentTree | +-- debug@2.2.0
202 silly currentTree | `-- ms@0.7.1
202 silly currentTree +-- serve-static@1.10.3
202 silly currentTree | +-- debug@2.2.0
202 silly currentTree | +-- depd@1.1.0
202 silly currentTree | +-- fresh@0.3.0
202 silly currentTree | +-- mime@1.3.4
202 silly currentTree | +-- ms@0.7.1
202 silly currentTree | +-- range-parser@1.0.3
202 silly currentTree | +-- send@0.13.2
202 silly currentTree | `-- statuses@1.2.1
202 silly currentTree +-- set-immediate-shim@1.0.1
202 silly currentTree +-- setimmediate@1.0.5
202 silly currentTree +-- shelljs@0.2.6
202 silly currentTree +-- sigmund@1.0.1
202 silly currentTree +-- slice-stream@1.0.0
202 silly currentTree +-- slide@1.1.6
202 silly currentTree +-- sntp@1.0.9
202 silly currentTree +-- socket.io-client@0.9.16
202 silly currentTree | `-- uglify-js@1.2.5
202 silly currentTree +-- socket.io@0.9.16
202 silly currentTree +-- source-map@0.1.43
202 silly currentTree +-- sprintf-js@1.0.3
202 silly currentTree +-- sshpk@1.13.0
202 silly currentTree | `-- assert-plus@1.0.0
202 silly currentTree +-- stable@0.1.6
202 silly currentTree +-- statuses@1.3.1
202 silly currentTree +-- stream-combiner@0.0.4
202 silly currentTree +-- stream-counter@0.2.0
202 silly currentTree | `-- readable-stream@1.1.14
202 silly currentTree +-- string_decoder@0.10.31
202 silly currentTree +-- stringstream@0.0.5
202 silly currentTree +-- strip-ansi@3.0.1
202 silly currentTree +-- supports-color@2.0.0
202 silly currentTree +-- svgo@0.3.7
202 silly currentTree | +-- argparse@1.0.9
202 silly currentTree | +-- esprima@3.1.3
202 silly currentTree | `-- js-yaml@3.8.4
202 silly currentTree +-- tar@0.1.20
202 silly currentTree +-- tempfile@0.1.3
202 silly currentTree +-- templayed@0.2.3
202 silly currentTree +-- text-table@0.2.0
202 silly currentTree +-- through2@0.4.2
202 silly currentTree +-- time-grunt@0.2.10
202 silly currentTree | +-- ansi-styles@1.0.0
202 silly currentTree | +-- chalk@0.4.0
202 silly currentTree | `-- strip-ansi@0.1.1
202 silly currentTree +-- tiny-lr@0.0.4
202 silly currentTree | +-- debug@0.7.4
202 silly currentTree | `-- qs@0.5.6
202 silly currentTree +-- tinycolor@0.0.1
202 silly currentTree +-- tmp@0.0.21
202 silly currentTree +-- tough-cookie@2.3.2
202 silly currentTree +-- traverse@0.3.9
202 silly currentTree +-- tsscmp@1.0.5
202 silly currentTree +-- tunnel-agent@0.6.0
202 silly currentTree +-- tweetnacl@0.14.5
202 silly currentTree +-- type-is@1.6.15
202 silly currentTree +-- uglify-js@2.4.24
202 silly currentTree | +-- async@0.2.10
202 silly currentTree | `-- source-map@0.1.34
202 silly currentTree +-- uglify-to-browserify@1.0.2
202 silly currentTree +-- uid-safe@2.1.4
202 silly currentTree +-- underscore.string@2.2.1
202 silly currentTree +-- underscore@1.7.0
202 silly currentTree +-- unpipe@1.0.0
202 silly currentTree +-- unzip@0.1.7
202 silly currentTree +-- update-notifier@0.1.10
202 silly currentTree | +-- ansi-styles@1.0.0
202 silly currentTree | +-- chalk@0.4.0
202 silly currentTree | +-- semver@2.3.2
202 silly currentTree | `-- strip-ansi@0.1.1
202 silly currentTree +-- user-home@1.1.1
202 silly currentTree +-- useragent@2.1.13
202 silly currentTree | `-- lru-cache@2.2.4
202 silly currentTree +-- util-deprecate@1.0.2
202 silly currentTree +-- utile@0.2.1
202 silly currentTree | `-- async@0.2.10
202 silly currentTree +-- utils-merge@1.0.0
202 silly currentTree +-- uuid@1.4.2
202 silly currentTree +-- vary@1.0.1
202 silly currentTree +-- verror@1.3.6
202 silly currentTree +-- vhost@3.0.2
202 silly currentTree +-- whet.extend@0.9.9
202 silly currentTree +-- which@1.0.9
202 silly currentTree +-- window-size@0.1.0
202 silly currentTree +-- wiredep@0.4.2
202 silly currentTree | `-- lodash@1.3.1
202 silly currentTree +-- wordwrap@0.0.2
202 silly currentTree +-- wrappy@1.0.2
202 silly currentTree +-- ws@0.4.32
202 silly currentTree | `-- commander@2.1.0
202 silly currentTree +-- xdg-basedir@1.0.1
202 silly currentTree +-- xmlhttprequest@1.4.2
202 silly currentTree +-- xtend@2.1.2
202 silly currentTree +-- yargs@3.5.4
202 silly currentTree +-- zeparser@0.0.5
202 silly currentTree `-- zlib-browserify@0.0.1
203 silly idealTree calculoid@0.0.0
203 silly idealTree +-- abbrev@1.1.0
203 silly idealTree +-- accepts@1.2.13
203 silly idealTree +-- active-x-obfuscator@0.0.1
203 silly idealTree +-- adm-zip@0.4.7
203 silly idealTree +-- ajv@4.11.8
203 silly idealTree +-- amdefine@1.0.1
203 silly idealTree +-- ansi-regex@2.1.1
203 silly idealTree +-- ansi-styles@0.1.2
203 silly idealTree +-- ansi@0.3.1
203 silly idealTree +-- anymatch@1.3.0
203 silly idealTree +-- archy@0.0.2
203 silly idealTree +-- argparse@0.1.16
203 silly idealTree | `-- underscore.string@2.4.0
203 silly idealTree +-- arr-diff@2.0.0
203 silly idealTree +-- arr-flatten@1.0.3
203 silly idealTree +-- array-unique@0.2.1
203 silly idealTree +-- arrify@1.0.1
203 silly idealTree +-- asn1@0.2.3
203 silly idealTree +-- assert-plus@0.2.0
203 silly idealTree +-- astral-angular-annotate@0.0.2
203 silly idealTree +-- astral-pass@0.1.0
203 silly idealTree +-- astral@0.1.0
203 silly idealTree +-- async-each@1.0.1
203 silly idealTree +-- async@0.1.22
203 silly idealTree +-- asynckit@0.4.0
203 silly idealTree +-- aws-sign2@0.6.0
203 silly idealTree +-- aws4@1.6.0
203 silly idealTree +-- balanced-match@0.4.2
203 silly idealTree +-- base64-url@1.2.1
203 silly idealTree +-- base64id@0.1.0
203 silly idealTree +-- basic-auth-connect@1.0.0
203 silly idealTree +-- basic-auth@1.0.4
203 silly idealTree +-- batch@0.5.3
203 silly idealTree +-- bcrypt-pbkdf@1.0.1
203 silly idealTree +-- bin-build@0.1.1
203 silly idealTree +-- bin-check@0.1.5
203 silly idealTree +-- bin-wrapper@0.3.4
203 silly idealTree +-- binary-extensions@1.8.0
203 silly idealTree +-- binary@0.3.0
203 silly idealTree +-- block-stream@0.0.9
203 silly idealTree +-- body-parser@1.13.3
203 silly idealTree | +-- bytes@2.1.0
203 silly idealTree | +-- debug@2.2.0
203 silly idealTree | +-- iconv-lite@0.4.11
203 silly idealTree | +-- ms@0.7.1
203 silly idealTree | `-- qs@4.0.0
203 silly idealTree +-- boom@2.10.1
203 silly idealTree +-- bower@0.9.2
203 silly idealTree | +-- abbrev@1.0.9
203 silly idealTree | +-- async@0.2.10
203 silly idealTree | +-- graceful-fs@1.1.14
203 silly idealTree | +-- lodash@1.0.2
203 silly idealTree | +-- nopt@2.0.0
203 silly idealTree | +-- request@2.11.4
203 silly idealTree | | +-- form-data@0.0.3
203 silly idealTree | | | +-- async@0.1.9
203 silly idealTree | | | `-- combined-stream@0.0.3
203 silly idealTree | | |   `-- delayed-stream@0.0.5
203 silly idealTree | | `-- mime@1.2.7
203 silly idealTree | `-- rimraf@2.0.3
203 silly idealTree +-- brace-expansion@1.1.7
203 silly idealTree +-- braces@1.8.5
203 silly idealTree +-- buffer-crc32@0.2.1
203 silly idealTree +-- buffer-shims@1.0.0
203 silly idealTree +-- buffers@0.1.1
203 silly idealTree +-- bytes@0.2.0
203 silly idealTree +-- camelcase@1.2.1
203 silly idealTree +-- caseless@0.12.0
203 silly idealTree +-- chainsaw@0.1.0
203 silly idealTree +-- chalk@0.1.1
203 silly idealTree +-- chokidar@1.7.0
203 silly idealTree +-- clean-css@2.0.8
203 silly idealTree +-- cli@0.4.5
203 silly idealTree +-- clone@0.1.19
203 silly idealTree +-- co@4.6.0
203 silly idealTree +-- coa@0.3.9
203 silly idealTree +-- coffee-script@1.3.3
203 silly idealTree +-- colors@0.6.2
203 silly idealTree +-- combined-stream@1.0.5
203 silly idealTree +-- commander@2.0.0
203 silly idealTree +-- compressible@2.0.10
203 silly idealTree +-- compression@1.5.2
203 silly idealTree | +-- bytes@2.1.0
203 silly idealTree | +-- debug@2.2.0
203 silly idealTree | `-- ms@0.7.1
203 silly idealTree +-- concat-map@0.0.1
203 silly idealTree +-- config-chain@0.3.4
203 silly idealTree +-- configstore@0.3.2
203 silly idealTree | +-- argparse@1.0.9
203 silly idealTree | +-- esprima@3.1.3
203 silly idealTree | +-- graceful-fs@3.0.11
203 silly idealTree | +-- js-yaml@3.8.4
203 silly idealTree | +-- mkdirp@0.5.1
203 silly idealTree | +-- object-assign@2.1.1
203 silly idealTree | `-- uuid@2.0.3
203 silly idealTree +-- connect-livereload@0.2.0
203 silly idealTree +-- connect-timeout@1.6.2
203 silly idealTree | +-- debug@2.2.0
203 silly idealTree | `-- ms@0.7.1
203 silly idealTree +-- connect@2.7.11
203 silly idealTree +-- console-browserify@0.1.6
203 silly idealTree +-- content-type@1.0.2
203 silly idealTree +-- cookie-parser@1.3.5
203 silly idealTree | +-- cookie-signature@1.0.6
203 silly idealTree | `-- cookie@0.1.3
203 silly idealTree +-- cookie-signature@1.0.1
203 silly idealTree +-- cookie@0.0.5
203 silly idealTree +-- core-util-is@1.0.2
203 silly idealTree +-- crc@3.3.0
203 silly idealTree +-- cryptiles@2.0.5
203 silly idealTree +-- csrf@3.0.6
203 silly idealTree +-- css-parse@1.6.0
203 silly idealTree +-- css-stringify@1.4.1
203 silly idealTree +-- csurf@1.8.3
203 silly idealTree | +-- cookie-signature@1.0.6
203 silly idealTree | `-- cookie@0.1.3
203 silly idealTree +-- dargs@0.1.0
203 silly idealTree +-- dashdash@1.14.1
203 silly idealTree | `-- assert-plus@1.0.0
203 silly idealTree +-- datauri@0.2.1
203 silly idealTree +-- date-time@0.1.1
203 silly idealTree +-- dateformat@1.0.2-1.2.3
203 silly idealTree +-- debug@2.6.8
203 silly idealTree +-- decamelize@1.2.0
203 silly idealTree +-- decompress@0.2.5
203 silly idealTree | `-- nopt@2.2.1
203 silly idealTree +-- deep-equal@1.0.1
203 silly idealTree +-- delayed-stream@1.0.0
203 silly idealTree +-- depd@1.0.1
203 silly idealTree +-- destroy@1.0.4
203 silly idealTree +-- di@0.0.1
203 silly idealTree +-- download@0.1.19
203 silly idealTree | `-- nopt@2.2.1
203 silly idealTree +-- duplexer@0.1.1
203 silly idealTree +-- each-async@0.1.3
203 silly idealTree +-- ecc-jsbn@0.1.1
203 silly idealTree +-- ee-first@1.1.1
203 silly idealTree +-- errorhandler@1.4.3
203 silly idealTree | +-- accepts@1.3.3
203 silly idealTree | `-- negotiator@0.6.1
203 silly idealTree +-- escape-html@1.0.3
203 silly idealTree +-- escape-string-regexp@1.0.5
203 silly idealTree +-- escodegen@0.0.28
203 silly idealTree +-- esprima@1.0.4
203 silly idealTree +-- estraverse@1.3.2
203 silly idealTree +-- etag@1.7.0
203 silly idealTree +-- eventemitter2@0.4.14
203 silly idealTree +-- executable@0.1.3
203 silly idealTree +-- exit@0.1.2
203 silly idealTree +-- expand-brackets@0.1.5
203 silly idealTree +-- expand-range@1.8.2
203 silly idealTree +-- express-session@1.11.3
203 silly idealTree | +-- cookie-signature@1.0.6
203 silly idealTree | +-- cookie@0.1.3
203 silly idealTree | +-- debug@2.2.0
203 silly idealTree | +-- ms@0.7.1
203 silly idealTree | `-- uid-safe@2.0.0
203 silly idealTree +-- ext-list@0.2.0
203 silly idealTree +-- ext-name@1.0.1
203 silly idealTree | `-- underscore.string@2.3.3
203 silly idealTree +-- extend@3.0.1
203 silly idealTree +-- extglob@0.3.2
203 silly idealTree +-- extsprintf@1.0.2
203 silly idealTree +-- faye-websocket@0.4.4
203 silly idealTree +-- filename-regex@2.0.1
203 silly idealTree +-- filesize@1.10.0
203 silly idealTree +-- fill-range@2.2.3
203 silly idealTree +-- finalhandler@0.4.0
203 silly idealTree | +-- debug@2.2.0
203 silly idealTree | +-- escape-html@1.0.2
203 silly idealTree | `-- ms@0.7.1
203 silly idealTree +-- find-file@0.1.4
203 silly idealTree +-- findup-sync@0.1.3
203 silly idealTree | +-- glob@3.2.11
203 silly idealTree | +-- lodash@2.4.2
203 silly idealTree | `-- minimatch@0.3.0
203 silly idealTree +-- for-in@1.0.2
203 silly idealTree +-- for-own@0.1.5
203 silly idealTree +-- forever-agent@0.6.1
203 silly idealTree +-- form-data@2.1.4
203 silly idealTree +-- formidable@1.0.14
203 silly idealTree +-- fresh@0.1.0
203 silly idealTree +-- fs.realpath@1.0.0
203 silly idealTree +-- fstream@0.1.31
203 silly idealTree | +-- graceful-fs@3.0.11
203 silly idealTree | `-- mkdirp@0.5.1
203 silly idealTree +-- gaze@0.4.3
203 silly idealTree +-- get-stdin@0.1.0
203 silly idealTree +-- get-urls@0.1.2
203 silly idealTree +-- getobject@0.1.0
203 silly idealTree +-- getpass@0.1.7
203 silly idealTree | `-- assert-plus@1.0.0
203 silly idealTree +-- gifsicle@0.1.7
203 silly idealTree +-- glob-base@0.3.0
203 silly idealTree +-- glob-parent@2.0.0
203 silly idealTree +-- glob@3.1.21
203 silly idealTree | `-- inherits@1.0.2
203 silly idealTree +-- globule@0.1.0
203 silly idealTree | `-- lodash@1.0.2
203 silly idealTree +-- google-cdn@0.1.4
203 silly idealTree | +-- debug@0.7.4
203 silly idealTree | `-- semver@2.0.11
203 silly idealTree +-- got@0.2.0
203 silly idealTree +-- graceful-fs@1.2.3
203 silly idealTree +-- grunt-autoprefixer@0.4.2
203 silly idealTree | `-- autoprefixer@0.8.20131213
203 silly idealTree +-- grunt-bower-install@0.7.0
203 silly idealTree +-- grunt-build-control@0.1.8
203 silly idealTree +-- grunt-concurrent@0.4.3
203 silly idealTree | `-- async@0.2.10
203 silly idealTree +-- grunt-contrib-clean@0.5.0
203 silly idealTree +-- grunt-contrib-coffee@0.7.0
203 silly idealTree | `-- coffee-script@1.6.3
203 silly idealTree +-- grunt-contrib-compass@0.6.0
203 silly idealTree | `-- async@0.2.10
203 silly idealTree +-- grunt-contrib-concat@0.3.0
203 silly idealTree +-- grunt-contrib-connect@0.5.0
203 silly idealTree +-- grunt-contrib-copy@0.4.1
203 silly idealTree +-- grunt-contrib-cssmin@0.7.0
203 silly idealTree +-- grunt-contrib-htmlmin@0.1.3
203 silly idealTree +-- grunt-contrib-imagemin@0.3.0
203 silly idealTree | +-- ansi-styles@0.2.0
203 silly idealTree | `-- chalk@0.2.1
203 silly idealTree +-- grunt-contrib-jshint@0.7.2
203 silly idealTree +-- grunt-contrib-uglify@0.2.7
203 silly idealTree +-- grunt-contrib-watch@0.5.3
203 silly idealTree +-- grunt-google-cdn@0.2.2
203 silly idealTree +-- grunt-inline@0.2.9
203 silly idealTree | +-- async@0.2.10
203 silly idealTree | +-- clean-css@1.1.7
203 silly idealTree | `-- uglify-js@2.4.1
203 silly idealTree +-- grunt-karma@0.8.3
203 silly idealTree | `-- lodash@2.4.2
203 silly idealTree +-- grunt-legacy-log-utils@0.1.1
203 silly idealTree | +-- lodash@2.4.2
203 silly idealTree | `-- underscore.string@2.3.3
203 silly idealTree +-- grunt-legacy-log@0.1.3
203 silly idealTree | +-- lodash@2.4.2
203 silly idealTree | `-- underscore.string@2.3.3
203 silly idealTree +-- grunt-legacy-util@0.2.0
203 silly idealTree +-- grunt-lib-contrib@0.6.1
203 silly idealTree +-- grunt-newer@0.5.4
203 silly idealTree +-- grunt-ngmin@0.0.3
203 silly idealTree +-- grunt-rev@0.1.0
203 silly idealTree +-- grunt-svgmin@0.2.1
203 silly idealTree | +-- ansi-styles@0.2.0
203 silly idealTree | +-- chalk@0.3.0
203 silly idealTree | `-- filesize@2.0.4
203 silly idealTree +-- grunt-usemin@2.0.2
203 silly idealTree | +-- debug@0.7.4
203 silly idealTree | `-- lodash@1.0.2
203 silly idealTree +-- grunt@0.4.5
203 silly idealTree +-- har-schema@1.0.5
203 silly idealTree +-- har-validator@4.2.1
203 silly idealTree +-- has-ansi@2.0.0
203 silly idealTree +-- has-color@0.1.7
203 silly idealTree +-- hawk@3.1.3
203 silly idealTree +-- hoek@2.16.3
203 silly idealTree +-- hogan.js@2.0.0
203 silly idealTree +-- hooker@0.2.3
203 silly idealTree +-- html-minifier@0.5.6
203 silly idealTree +-- http-errors@1.3.1
203 silly idealTree +-- http-proxy@0.10.4
203 silly idealTree | `-- optimist@0.6.1
203 silly idealTree +-- http-signature@1.1.1
203 silly idealTree +-- i@0.3.5
203 silly idealTree +-- iconv-lite@0.2.11
203 silly idealTree +-- inflight@1.0.6
203 silly idealTree +-- inherits@2.0.3
203 silly idealTree +-- ini@1.0.5
203 silly idealTree +-- is-binary-path@1.0.1
203 silly idealTree +-- is-buffer@1.1.5
203 silly idealTree +-- is-dotfile@1.0.2
203 silly idealTree +-- is-equal-shallow@0.1.3
203 silly idealTree +-- is-extendable@0.1.1
203 silly idealTree +-- is-extglob@1.0.0
203 silly idealTree +-- is-glob@2.0.1
203 silly idealTree +-- is-number@2.1.0
203 silly idealTree +-- is-posix-bracket@0.1.1
203 silly idealTree +-- is-primitive@2.0.0
203 silly idealTree +-- is-typedarray@1.0.0
203 silly idealTree +-- isarray@0.0.1
203 silly idealTree +-- isobject@2.1.0
203 silly idealTree | `-- isarray@1.0.0
203 silly idealTree +-- isstream@0.1.2
203 silly idealTree +-- jodid25519@1.0.2
203 silly idealTree +-- jpegtran-bin@0.2.8
203 silly idealTree +-- js-yaml@2.0.5
203 silly idealTree +-- jsbn@0.1.1
203 silly idealTree +-- jshint-stylish@0.1.5
203 silly idealTree | +-- ansi-styles@1.0.0
203 silly idealTree | +-- chalk@0.4.0
203 silly idealTree | `-- strip-ansi@0.1.1
203 silly idealTree +-- jshint@2.3.0
203 silly idealTree | +-- shelljs@0.1.4
203 silly idealTree | `-- underscore@1.4.4
203 silly idealTree +-- json-schema@0.2.3
203 silly idealTree +-- json-stable-stringify@1.0.1
203 silly idealTree +-- json-stringify-safe@5.0.1
203 silly idealTree +-- jsonify@0.0.0
203 silly idealTree +-- jsprim@1.4.0
203 silly idealTree | `-- assert-plus@1.0.0
203 silly idealTree +-- karma-ng-html2js-preprocessor@0.1.2
203 silly idealTree +-- karma-ng-scenario@0.1.0
203 silly idealTree +-- karma@0.12.37
203 silly idealTree | +-- bytes@2.1.0
203 silly idealTree | +-- colors@1.1.2
203 silly idealTree | +-- connect@2.30.2
203 silly idealTree | +-- cookie-signature@1.0.6
203 silly idealTree | +-- cookie@0.1.3
203 silly idealTree | +-- debug@2.2.0
203 silly idealTree | +-- fresh@0.3.0
203 silly idealTree | +-- glob@5.0.15
203 silly idealTree | +-- graceful-fs@3.0.11
203 silly idealTree | +-- lodash@3.10.1
203 silly idealTree | +-- mime@1.3.6
203 silly idealTree | +-- minimatch@2.0.10
203 silly idealTree | +-- ms@0.7.1
203 silly idealTree | +-- optimist@0.6.1
203 silly idealTree | +-- pause@0.1.0
203 silly idealTree | +-- q@1.5.0
203 silly idealTree | +-- qs@4.0.0
203 silly idealTree | +-- rimraf@2.6.1
203 silly idealTree | | +-- glob@7.1.2
203 silly idealTree | | `-- minimatch@3.0.4
203 silly idealTree | `-- source-map@0.4.4
203 silly idealTree +-- keypress@0.1.0
203 silly idealTree +-- kind-of@3.2.2
203 silly idealTree +-- load-grunt-tasks@0.2.1
203 silly idealTree +-- lodash@0.9.2
203 silly idealTree +-- log-symbols@1.0.2
203 silly idealTree | +-- ansi-styles@2.2.1
203 silly idealTree | `-- chalk@1.1.3
203 silly idealTree +-- log4js@0.6.38
203 silly idealTree | `-- semver@4.3.6
203 silly idealTree +-- lpad@0.1.0
203 silly idealTree +-- lru-cache@2.7.3
203 silly idealTree +-- match-stream@0.0.1
203 silly idealTree +-- media-typer@0.3.0
203 silly idealTree +-- method-override@2.3.9
203 silly idealTree | `-- vary@1.1.1
203 silly idealTree +-- methods@1.1.2
203 silly idealTree +-- micromatch@2.3.11
203 silly idealTree +-- mime-db@1.27.0
203 silly idealTree +-- mime-types@2.1.15
203 silly idealTree +-- mime@1.2.11
203 silly idealTree +-- mimer@0.2.1
203 silly idealTree +-- minimatch@0.2.14
203 silly idealTree +-- minimist@0.0.8
203 silly idealTree +-- mkdirp@0.3.5
203 silly idealTree +-- morgan@1.6.1
203 silly idealTree | +-- debug@2.2.0
203 silly idealTree | `-- ms@0.7.1
203 silly idealTree +-- mout@0.9.1
203 silly idealTree +-- ms@2.0.0
203 silly idealTree +-- multiparty@3.3.2
203 silly idealTree | `-- readable-stream@1.1.14
203 silly idealTree +-- mute-stream@0.0.7
203 silly idealTree +-- nan@1.0.0
203 silly idealTree +-- natives@1.1.0
203 silly idealTree +-- ncp@0.4.2
203 silly idealTree +-- negotiator@0.5.3
203 silly idealTree +-- ngmin@0.4.1
203 silly idealTree | `-- commander@1.1.1
203 silly idealTree +-- nopt@1.0.10
203 silly idealTree +-- noptify@0.0.3
203 silly idealTree | `-- nopt@2.0.0
203 silly idealTree +-- normalize-path@2.1.1
203 silly idealTree +-- npmlog@0.1.1
203 silly idealTree +-- oauth-sign@0.8.2
203 silly idealTree +-- object-assign@0.3.1
203 silly idealTree +-- object-keys@0.4.0
203 silly idealTree +-- object.omit@2.0.1
203 silly idealTree +-- on-finished@2.3.0
203 silly idealTree +-- on-headers@1.0.1
203 silly idealTree +-- once@1.4.0
203 silly idealTree +-- open@0.0.4
203 silly idealTree +-- optimist@0.3.7
203 silly idealTree +-- options@0.0.6
203 silly idealTree +-- optipng-bin@0.3.11
203 silly idealTree +-- os-homedir@1.0.2
203 silly idealTree +-- os-tmpdir@1.0.2
203 silly idealTree +-- osenv@0.1.4
203 silly idealTree +-- over@0.0.5
203 silly idealTree +-- parse-glob@3.0.4
203 silly idealTree +-- parseurl@1.3.1
203 silly idealTree +-- path-is-absolute@1.0.1
203 silly idealTree +-- pause@0.0.1
203 silly idealTree +-- performance-now@0.2.0
203 silly idealTree +-- pkginfo@0.3.1
203 silly idealTree +-- pngquant-bin@0.1.7
203 silly idealTree | +-- ansi-styles@1.0.0
203 silly idealTree | +-- bin-wrapper@0.2.4
203 silly idealTree | +-- chalk@0.4.0
203 silly idealTree | `-- strip-ansi@0.1.1
203 silly idealTree +-- policyfile@0.0.4
203 silly idealTree +-- preserve@0.2.0
203 silly idealTree +-- process-nextick-args@1.0.7
203 silly idealTree +-- promptly@0.1.0
203 silly idealTree +-- proto-list@1.2.4
203 silly idealTree +-- pullstream@0.4.1
203 silly idealTree +-- punycode@1.4.1
203 silly idealTree +-- q@0.8.12
203 silly idealTree +-- qs@0.6.5
203 silly idealTree +-- random-bytes@1.0.0
203 silly idealTree +-- randomatic@1.1.6
203 silly idealTree +-- range-parser@0.0.4
203 silly idealTree +-- raw-body@2.1.7
203 silly idealTree | +-- bytes@2.4.0
203 silly idealTree | `-- iconv-lite@0.4.13
203 silly idealTree +-- rc@0.0.8
203 silly idealTree +-- read-package-json@0.1.13
203 silly idealTree | `-- lru-cache@2.0.4
203 silly idealTree +-- read@1.0.7
203 silly idealTree +-- readable-stream@1.0.34
203 silly idealTree +-- readdirp@2.1.0
203 silly idealTree | +-- graceful-fs@4.1.11
203 silly idealTree | +-- isarray@1.0.0
203 silly idealTree | +-- minimatch@3.0.4
203 silly idealTree | +-- readable-stream@2.2.9
203 silly idealTree | `-- string_decoder@1.0.1
203 silly idealTree +-- redis@0.7.3
203 silly idealTree +-- regex-cache@0.4.3
203 silly idealTree +-- remove-trailing-separator@1.0.1
203 silly idealTree +-- repeat-element@1.1.2
203 silly idealTree +-- repeat-string@1.6.1
203 silly idealTree +-- request@2.81.0
203 silly idealTree | +-- qs@6.4.0
203 silly idealTree | `-- uuid@3.0.1
203 silly idealTree +-- response-time@2.3.2
203 silly idealTree | `-- depd@1.1.0
203 silly idealTree +-- rimraf@2.2.8
203 silly idealTree +-- rndm@1.2.0
203 silly idealTree +-- safe-buffer@5.0.1
203 silly idealTree +-- sax@0.5.8
203 silly idealTree +-- semver@1.1.4
203 silly idealTree +-- send@0.1.1
203 silly idealTree +-- serve-favicon@2.3.2
203 silly idealTree | +-- fresh@0.3.0
203 silly idealTree | `-- ms@0.7.2
203 silly idealTree +-- serve-index@1.7.3
203 silly idealTree | +-- debug@2.2.0
203 silly idealTree | `-- ms@0.7.1
203 silly idealTree +-- serve-static@1.10.3
203 silly idealTree | +-- debug@2.2.0
203 silly idealTree | +-- depd@1.1.0
203 silly idealTree | +-- fresh@0.3.0
203 silly idealTree | +-- mime@1.3.4
203 silly idealTree | +-- ms@0.7.1
203 silly idealTree | +-- range-parser@1.0.3
203 silly idealTree | +-- send@0.13.2
203 silly idealTree | `-- statuses@1.2.1
203 silly idealTree +-- set-immediate-shim@1.0.1
203 silly idealTree +-- setimmediate@1.0.5
203 silly idealTree +-- shelljs@0.2.6
203 silly idealTree +-- sigmund@1.0.1
203 silly idealTree +-- slice-stream@1.0.0
203 silly idealTree +-- slide@1.1.6
203 silly idealTree +-- sntp@1.0.9
203 silly idealTree +-- socket.io-client@0.9.16
203 silly idealTree | `-- uglify-js@1.2.5
203 silly idealTree +-- socket.io@0.9.16
203 silly idealTree +-- source-map@0.1.43
203 silly idealTree +-- sprintf-js@1.0.3
203 silly idealTree +-- sshpk@1.13.0
203 silly idealTree | `-- assert-plus@1.0.0
203 silly idealTree +-- stable@0.1.6
203 silly idealTree +-- statuses@1.3.1
203 silly idealTree +-- stream-combiner@0.0.4
203 silly idealTree +-- stream-counter@0.2.0
203 silly idealTree | `-- readable-stream@1.1.14
203 silly idealTree +-- string_decoder@0.10.31
203 silly idealTree +-- stringstream@0.0.5
203 silly idealTree +-- strip-ansi@3.0.1
203 silly idealTree +-- supports-color@2.0.0
203 silly idealTree +-- svgo@0.3.7
203 silly idealTree | +-- argparse@1.0.9
203 silly idealTree | +-- esprima@3.1.3
203 silly idealTree | `-- js-yaml@3.8.4
203 silly idealTree +-- tar@0.1.20
203 silly idealTree +-- tempfile@0.1.3
203 silly idealTree +-- templayed@0.2.3
203 silly idealTree +-- text-table@0.2.0
203 silly idealTree +-- through2@0.4.2
203 silly idealTree +-- time-grunt@0.2.10
203 silly idealTree | +-- ansi-styles@1.0.0
203 silly idealTree | +-- chalk@0.4.0
203 silly idealTree | `-- strip-ansi@0.1.1
203 silly idealTree +-- tiny-lr@0.0.4
203 silly idealTree | +-- debug@0.7.4
203 silly idealTree | `-- qs@0.5.6
203 silly idealTree +-- tinycolor@0.0.1
203 silly idealTree +-- tmp@0.0.21
203 silly idealTree +-- tough-cookie@2.3.2
203 silly idealTree +-- traverse@0.3.9
203 silly idealTree +-- tsscmp@1.0.5
203 silly idealTree +-- tunnel-agent@0.6.0
203 silly idealTree +-- tweetnacl@0.14.5
203 silly idealTree +-- type-is@1.6.15
203 silly idealTree +-- uglify-js@2.4.24
203 silly idealTree | +-- async@0.2.10
203 silly idealTree | `-- source-map@0.1.34
203 silly idealTree +-- uglify-to-browserify@1.0.2
203 silly idealTree +-- uid-safe@2.1.4
203 silly idealTree +-- underscore.string@2.2.1
203 silly idealTree +-- underscore@1.7.0
203 silly idealTree +-- unpipe@1.0.0
203 silly idealTree +-- unzip@0.1.7
203 silly idealTree +-- update-notifier@0.1.10
203 silly idealTree | +-- ansi-styles@1.0.0
203 silly idealTree | +-- chalk@0.4.0
203 silly idealTree | +-- semver@2.3.2
203 silly idealTree | `-- strip-ansi@0.1.1
203 silly idealTree +-- user-home@1.1.1
203 silly idealTree +-- useragent@2.1.13
203 silly idealTree | `-- lru-cache@2.2.4
203 silly idealTree +-- util-deprecate@1.0.2
203 silly idealTree +-- utile@0.2.1
203 silly idealTree | `-- async@0.2.10
203 silly idealTree +-- utils-merge@1.0.0
203 silly idealTree +-- uuid@1.4.2
203 silly idealTree +-- vary@1.0.1
203 silly idealTree +-- verror@1.3.6
203 silly idealTree +-- vhost@3.0.2
203 silly idealTree +-- whet.extend@0.9.9
203 silly idealTree +-- which@1.0.9
203 silly idealTree +-- window-size@0.1.0
203 silly idealTree +-- wiredep@0.4.2
203 silly idealTree | `-- lodash@1.3.1
203 silly idealTree +-- wordwrap@0.0.2
203 silly idealTree +-- wrappy@1.0.2
203 silly idealTree +-- ws@0.4.32
203 silly idealTree | `-- commander@2.1.0
203 silly idealTree +-- xdg-basedir@1.0.1
203 silly idealTree +-- xmlhttprequest@1.4.2
203 silly idealTree +-- xtend@2.1.2
203 silly idealTree +-- yargs@3.5.4
203 silly idealTree +-- zeparser@0.0.5
203 silly idealTree `-- zlib-browserify@0.0.1
204 silly generateActionsToTake Starting
205 silly install generateActionsToTake
206 silly generateActionsToTake Finishing
207 silly diffTrees action count 4
208 silly diffTrees add ansi-styles@0.2.0
209 silly diffTrees add gifsicle@0.1.7
210 silly diffTrees add chalk@0.2.1
211 silly diffTrees add grunt-contrib-imagemin@0.3.0
212 silly decomposeActions action count 32
213 silly decomposeActions fetch ansi-styles@0.2.0
214 silly decomposeActions extract ansi-styles@0.2.0
215 silly decomposeActions test ansi-styles@0.2.0
216 silly decomposeActions preinstall ansi-styles@0.2.0
217 silly decomposeActions build ansi-styles@0.2.0
218 silly decomposeActions install ansi-styles@0.2.0
219 silly decomposeActions postinstall ansi-styles@0.2.0
220 silly decomposeActions finalize ansi-styles@0.2.0
221 silly decomposeActions fetch gifsicle@0.1.7
222 silly decomposeActions extract gifsicle@0.1.7
223 silly decomposeActions test gifsicle@0.1.7
224 silly decomposeActions preinstall gifsicle@0.1.7
225 silly decomposeActions build gifsicle@0.1.7
226 silly decomposeActions install gifsicle@0.1.7
227 silly decomposeActions postinstall gifsicle@0.1.7
228 silly decomposeActions finalize gifsicle@0.1.7
229 silly decomposeActions fetch chalk@0.2.1
230 silly decomposeActions extract chalk@0.2.1
231 silly decomposeActions test chalk@0.2.1
232 silly decomposeActions preinstall chalk@0.2.1
233 silly decomposeActions build chalk@0.2.1
234 silly decomposeActions install chalk@0.2.1
235 silly decomposeActions postinstall chalk@0.2.1
236 silly decomposeActions finalize chalk@0.2.1
237 silly decomposeActions fetch grunt-contrib-imagemin@0.3.0
238 silly decomposeActions extract grunt-contrib-imagemin@0.3.0
239 silly decomposeActions test grunt-contrib-imagemin@0.3.0
240 silly decomposeActions preinstall grunt-contrib-imagemin@0.3.0
241 silly decomposeActions build grunt-contrib-imagemin@0.3.0
242 silly decomposeActions install grunt-contrib-imagemin@0.3.0
243 silly decomposeActions postinstall grunt-contrib-imagemin@0.3.0
244 silly decomposeActions finalize grunt-contrib-imagemin@0.3.0
245 silly runTopLevelLifecycles Starting
246 silly executeActions Starting
247 silly install executeActions
248 silly doSerial global-install 0
249 silly doParallel fetch 4
250 verbose correctMkdir C:\Users\shine\AppData\Roaming\npm-cache\_locks correctMkdir not in flight; initializing
251 verbose lock using C:\Users\shine\AppData\Roaming\npm-cache\_locks\staging-a9cad34826286685.lock for D:\xampp\htdocs\calculoid-app\node_modules\.staging
252 silly doParallel extract 4
253 silly extract ansi-styles@0.2.0
254 silly extract gifsicle@0.1.7
255 silly extract chalk@0.2.1
256 silly extract grunt-contrib-imagemin@0.3.0
257 verbose unbuild node_modules\.staging\ansi-styles-efd37412
258 verbose unbuild node_modules\.staging\chalk-a5c8a0c4
259 silly gentlyRm D:\xampp\htdocs\calculoid-app\node_modules\.staging\ansi-styles-efd37412 is being purged from base D:\xampp\htdocs\calculoid-app
260 verbose gentlyRm don't care about contents; nuking D:\xampp\htdocs\calculoid-app\node_modules\.staging\ansi-styles-efd37412
261 verbose unbuild node_modules\.staging\grunt-contrib-imagemin-8c5de946
262 verbose tar unpack C:\Users\shine\AppData\Roaming\npm-cache\ansi-styles\0.2.0\package.tgz
263 verbose tar unpacking to D:\xampp\htdocs\calculoid-app\node_modules\.staging\ansi-styles-efd37412
264 silly gentlyRm D:\xampp\htdocs\calculoid-app\node_modules\.staging\ansi-styles-efd37412 is being purged
265 verbose gentlyRm don't care about contents; nuking D:\xampp\htdocs\calculoid-app\node_modules\.staging\ansi-styles-efd37412
266 verbose unbuild node_modules\.staging\gifsicle-b5db0d2e
267 silly gentlyRm D:\xampp\htdocs\calculoid-app\node_modules\.staging\chalk-a5c8a0c4 is being purged from base D:\xampp\htdocs\calculoid-app
268 verbose gentlyRm don't care about contents; nuking D:\xampp\htdocs\calculoid-app\node_modules\.staging\chalk-a5c8a0c4
269 silly gunzTarPerm modes [ '777', '666' ]
270 verbose tar unpack C:\Users\shine\AppData\Roaming\npm-cache\chalk\0.2.1\package.tgz
271 verbose tar unpacking to D:\xampp\htdocs\calculoid-app\node_modules\.staging\chalk-a5c8a0c4
272 silly gentlyRm D:\xampp\htdocs\calculoid-app\node_modules\.staging\chalk-a5c8a0c4 is being purged
273 verbose gentlyRm don't care about contents; nuking D:\xampp\htdocs\calculoid-app\node_modules\.staging\chalk-a5c8a0c4
274 silly gunzTarPerm modes [ '777', '666' ]
275 silly gentlyRm D:\xampp\htdocs\calculoid-app\node_modules\.staging\grunt-contrib-imagemin-8c5de946 is being purged from base D:\xampp\htdocs\calculoid-app
276 verbose gentlyRm don't care about contents; nuking D:\xampp\htdocs\calculoid-app\node_modules\.staging\grunt-contrib-imagemin-8c5de946
277 silly gentlyRm D:\xampp\htdocs\calculoid-app\node_modules\.staging\gifsicle-b5db0d2e is being purged from base D:\xampp\htdocs\calculoid-app
278 verbose gentlyRm don't care about contents; nuking D:\xampp\htdocs\calculoid-app\node_modules\.staging\gifsicle-b5db0d2e
279 verbose tar unpack C:\Users\shine\AppData\Roaming\npm-cache\grunt-contrib-imagemin\0.3.0\package.tgz
280 verbose tar unpacking to D:\xampp\htdocs\calculoid-app\node_modules\.staging\grunt-contrib-imagemin-8c5de946
281 silly gentlyRm D:\xampp\htdocs\calculoid-app\node_modules\.staging\grunt-contrib-imagemin-8c5de946 is being purged
282 verbose gentlyRm don't care about contents; nuking D:\xampp\htdocs\calculoid-app\node_modules\.staging\grunt-contrib-imagemin-8c5de946
283 verbose tar unpack C:\Users\shine\AppData\Roaming\npm-cache\gifsicle\0.1.7\package.tgz
284 verbose tar unpacking to D:\xampp\htdocs\calculoid-app\node_modules\.staging\gifsicle-b5db0d2e
285 silly gentlyRm D:\xampp\htdocs\calculoid-app\node_modules\.staging\gifsicle-b5db0d2e is being purged
286 verbose gentlyRm don't care about contents; nuking D:\xampp\htdocs\calculoid-app\node_modules\.staging\gifsicle-b5db0d2e
287 silly gunzTarPerm modes [ '777', '666' ]
288 silly gunzTarPerm modes [ '777', '666' ]
289 silly gunzTarPerm extractEntry package.json
290 silly gunzTarPerm modified mode [ 'package.json', 420, 438 ]
291 silly gunzTarPerm extractEntry package.json
292 silly gunzTarPerm modified mode [ 'package.json', 420, 438 ]
293 silly gunzTarPerm extractEntry package.json
294 silly gunzTarPerm modified mode [ 'package.json', 420, 438 ]
295 silly gunzTarPerm extractEntry package.json
296 silly gunzTarPerm extractEntry ansi-styles.js
297 silly gunzTarPerm modified mode [ 'ansi-styles.js', 420, 438 ]
298 silly gunzTarPerm extractEntry readme.md
299 silly gunzTarPerm modified mode [ 'readme.md', 420, 438 ]
300 silly gunzTarPerm extractEntry chalk.js
301 silly gunzTarPerm modified mode [ 'chalk.js', 420, 438 ]
302 silly gunzTarPerm extractEntry readme.md
303 silly gunzTarPerm modified mode [ 'readme.md', 420, 438 ]
304 silly gunzTarPerm extractEntry README.md
305 silly gunzTarPerm modified mode [ 'README.md', 420, 438 ]
306 silly gunzTarPerm extractEntry tasks/imagemin.js
307 silly gunzTarPerm modified mode [ 'tasks/imagemin.js', 420, 438 ]
308 silly gunzTarPerm extractEntry README.md
309 silly gunzTarPerm extractEntry cli.js
310 silly gunzTarPerm extractEntry index.js
311 silly gentlyRm D:\xampp\htdocs\calculoid-app\node_modules\.staging\chalk-a5c8a0c4\node_modules is being purged
312 verbose gentlyRm don't care about contents; nuking D:\xampp\htdocs\calculoid-app\node_modules\.staging\chalk-a5c8a0c4\node_modules
313 silly gentlyRm D:\xampp\htdocs\calculoid-app\node_modules\.staging\ansi-styles-efd37412\node_modules is being purged
314 verbose gentlyRm don't care about contents; nuking D:\xampp\htdocs\calculoid-app\node_modules\.staging\ansi-styles-efd37412\node_modules
315 silly gentlyRm D:\xampp\htdocs\calculoid-app\node_modules\.staging\grunt-contrib-imagemin-8c5de946\node_modules is being purged
316 verbose gentlyRm don't care about contents; nuking D:\xampp\htdocs\calculoid-app\node_modules\.staging\grunt-contrib-imagemin-8c5de946\node_modules
317 silly gentlyRm D:\xampp\htdocs\calculoid-app\node_modules\.staging\gifsicle-b5db0d2e\node_modules is being purged
318 verbose gentlyRm don't care about contents; nuking D:\xampp\htdocs\calculoid-app\node_modules\.staging\gifsicle-b5db0d2e\node_modules
319 silly doParallel preinstall 4
320 silly preinstall ansi-styles@0.2.0 D:\xampp\htdocs\calculoid-app\node_modules\.staging\ansi-styles-efd37412
321 info lifecycle ansi-styles@0.2.0~preinstall: ansi-styles@0.2.0
322 silly preinstall gifsicle@0.1.7 D:\xampp\htdocs\calculoid-app\node_modules\.staging\gifsicle-b5db0d2e
323 info lifecycle gifsicle@0.1.7~preinstall: gifsicle@0.1.7
324 silly preinstall chalk@0.2.1 D:\xampp\htdocs\calculoid-app\node_modules\.staging\chalk-a5c8a0c4
325 info lifecycle chalk@0.2.1~preinstall: chalk@0.2.1
326 silly preinstall grunt-contrib-imagemin@0.3.0 D:\xampp\htdocs\calculoid-app\node_modules\.staging\grunt-contrib-imagemin-8c5de946
327 info lifecycle grunt-contrib-imagemin@0.3.0~preinstall: grunt-contrib-imagemin@0.3.0
328 silly lifecycle ansi-styles@0.2.0~preinstall: no script for preinstall, continuing
329 silly lifecycle gifsicle@0.1.7~preinstall: no script for preinstall, continuing
330 silly lifecycle chalk@0.2.1~preinstall: no script for preinstall, continuing
331 silly lifecycle grunt-contrib-imagemin@0.3.0~preinstall: no script for preinstall, continuing
332 silly doReverseSerial remove 0
333 silly doSerial move 0
334 silly doSerial finalize 4
335 silly finalize D:\xampp\htdocs\calculoid-app\node_modules\grunt-contrib-imagemin\node_modules\ansi-styles
336 silly finalize D:\xampp\htdocs\calculoid-app\node_modules\gifsicle
337 silly finalize D:\xampp\htdocs\calculoid-app\node_modules\grunt-contrib-imagemin\node_modules\chalk
338 silly finalize D:\xampp\htdocs\calculoid-app\node_modules\grunt-contrib-imagemin
339 silly doSerial build 4
340 silly build ansi-styles@0.2.0
341 info linkStuff ansi-styles@0.2.0
342 silly linkStuff ansi-styles@0.2.0 has D:\xampp\htdocs\calculoid-app\node_modules\grunt-contrib-imagemin\node_modules as its parent node_modules
343 verbose linkBins ansi-styles@0.2.0
344 verbose linkMans ansi-styles@0.2.0
345 silly build gifsicle@0.1.7
346 info linkStuff gifsicle@0.1.7
347 silly linkStuff gifsicle@0.1.7 has D:\xampp\htdocs\calculoid-app\node_modules as its parent node_modules
348 verbose linkBins gifsicle@0.1.7
349 verbose link bins [ { gifsicle: 'cli.js' },
349 verbose link bins   'D:\\xampp\\htdocs\\calculoid-app\\node_modules\\.bin',
349 verbose link bins   false ]
350 verbose linkMans gifsicle@0.1.7
351 silly build chalk@0.2.1
352 info linkStuff chalk@0.2.1
353 silly linkStuff chalk@0.2.1 has D:\xampp\htdocs\calculoid-app\node_modules\grunt-contrib-imagemin\node_modules as its parent node_modules
354 verbose linkBins chalk@0.2.1
355 verbose linkMans chalk@0.2.1
356 silly build grunt-contrib-imagemin@0.3.0
357 info linkStuff grunt-contrib-imagemin@0.3.0
358 silly linkStuff grunt-contrib-imagemin@0.3.0 has D:\xampp\htdocs\calculoid-app\node_modules as its parent node_modules
359 verbose linkBins grunt-contrib-imagemin@0.3.0
360 verbose linkMans grunt-contrib-imagemin@0.3.0
361 silly doSerial global-link 0
362 silly doParallel update-linked 0
363 silly doSerial install 4
364 silly install ansi-styles@0.2.0 D:\xampp\htdocs\calculoid-app\node_modules\.staging\ansi-styles-efd37412
365 info lifecycle ansi-styles@0.2.0~install: ansi-styles@0.2.0
366 silly lifecycle ansi-styles@0.2.0~install: no script for install, continuing
367 silly install gifsicle@0.1.7 D:\xampp\htdocs\calculoid-app\node_modules\.staging\gifsicle-b5db0d2e
368 info lifecycle gifsicle@0.1.7~install: gifsicle@0.1.7
369 silly lifecycle gifsicle@0.1.7~install: no script for install, continuing
370 silly install chalk@0.2.1 D:\xampp\htdocs\calculoid-app\node_modules\.staging\chalk-a5c8a0c4
371 info lifecycle chalk@0.2.1~install: chalk@0.2.1
372 silly lifecycle chalk@0.2.1~install: no script for install, continuing
373 silly install grunt-contrib-imagemin@0.3.0 D:\xampp\htdocs\calculoid-app\node_modules\.staging\grunt-contrib-imagemin-8c5de946
374 info lifecycle grunt-contrib-imagemin@0.3.0~install: grunt-contrib-imagemin@0.3.0
375 silly lifecycle grunt-contrib-imagemin@0.3.0~install: no script for install, continuing
376 silly doSerial postinstall 4
377 silly postinstall ansi-styles@0.2.0 D:\xampp\htdocs\calculoid-app\node_modules\.staging\ansi-styles-efd37412
378 info lifecycle ansi-styles@0.2.0~postinstall: ansi-styles@0.2.0
379 silly lifecycle ansi-styles@0.2.0~postinstall: no script for postinstall, continuing
380 silly postinstall gifsicle@0.1.7 D:\xampp\htdocs\calculoid-app\node_modules\.staging\gifsicle-b5db0d2e
381 info lifecycle gifsicle@0.1.7~postinstall: gifsicle@0.1.7
382 verbose lifecycle gifsicle@0.1.7~postinstall: unsafe-perm in lifecycle true
383 verbose lifecycle gifsicle@0.1.7~postinstall: PATH: C:\Program Files\nodejs\node_modules\npm\bin\node-gyp-bin;D:\xampp\htdocs\calculoid-app\node_modules\gifsicle\node_modules\.bin;D:\xampp\htdocs\calculoid-app\node_modules\.bin;C:\Users\shine\bin;C:\Program Files\Git\mingw64\bin;C:\Program Files\Git\usr\local\bin;C:\Program Files\Git\usr\bin;C:\Program Files\Git\usr\bin;C:\Program Files\Git\mingw64\bin;C:\Program Files\Git\usr\bin;C:\Users\shine\bin;C:\ProgramData\Oracle\Java\javapath;C:\Windows\system32;C:\Windows;C:\Windows\System32\Wbem;C:\Windows\System32\WindowsPowerShell\v1.0;C:\Program Files\nodejs;C:\Program Files (x86)\Yarn\bin;C:\Program Files (x86)\Skype\Phone;D:\xampp\php;C:\ProgramData\ComposerSetup\bin;C:\Program Files\Git\cmd;C:\Users\shine\AppData\Local\Microsoft\WindowsApps;C:\Program Files (x86)\Microsoft VS Code\bin;C:\Users\shine\AppData\Roaming\npm;C:\Users\shine\AppData\Local\Yarn\bin;C:\Users\shine\AppData\Roaming\Composer\vendor\bin;C:\Program Files\Git\usr\bin\vendor_perl;C:\Program Files\Git\usr\bin\core_perl
384 verbose lifecycle gifsicle@0.1.7~postinstall: CWD: D:\xampp\htdocs\calculoid-app\node_modules\gifsicle
385 silly lifecycle gifsicle@0.1.7~postinstall: Args: [ '/d /s /c', 'node index.js' ]
386 silly lifecycle gifsicle@0.1.7~postinstall: Returned: code: 1  signal: null
387 info lifecycle gifsicle@0.1.7~postinstall: Failed to exec postinstall script
388 verbose unlock done using C:\Users\shine\AppData\Roaming\npm-cache\_locks\staging-a9cad34826286685.lock for D:\xampp\htdocs\calculoid-app\node_modules\.staging
389 silly rollbackFailedOptional Starting
390 silly rollbackFailedOptional Finishing
391 silly runTopLevelLifecycles Finishing
392 silly install printInstalled
393 warn optional SKIPPING OPTIONAL DEPENDENCY: fsevents@^1.0.0 (node_modules\chokidar\node_modules\fsevents):
394 warn notsup SKIPPING OPTIONAL DEPENDENCY: Unsupported platform for fsevents@1.1.1: wanted {"os":"darwin","arch":"any"} (current: {"os":"win32","arch":"x64"})
395 verbose notsup SKIPPING OPTIONAL DEPENDENCY: Valid OS:    darwin
395 verbose notsup SKIPPING OPTIONAL DEPENDENCY: Valid Arch:  any
395 verbose notsup SKIPPING OPTIONAL DEPENDENCY: Actual OS:   win32
395 verbose notsup SKIPPING OPTIONAL DEPENDENCY: Actual Arch: x64
396 warn calculoid@0.0.0 No description
397 verbose If you need help, you may report this error at:
397 verbose     <https://github.com/npm/npm/issues>
398 warn calculoid@0.0.0 No repository field.
399 verbose If you need help, you may report this error at:
399 verbose     <https://github.com/npm/npm/issues>
400 warn calculoid@0.0.0 No license field.
401 verbose If you need help, you may report this error at:
401 verbose     <https://github.com/npm/npm/issues>
402 verbose stack Error: gifsicle@0.1.7 postinstall: `node index.js`
402 verbose stack Exit status 1
402 verbose stack     at EventEmitter.<anonymous> (C:\Program Files\nodejs\node_modules\npm\lib\utils\lifecycle.js:255:16)
402 verbose stack     at emitTwo (events.js:106:13)
402 verbose stack     at EventEmitter.emit (events.js:191:7)
402 verbose stack     at ChildProcess.<anonymous> (C:\Program Files\nodejs\node_modules\npm\lib\utils\spawn.js:40:14)
402 verbose stack     at emitTwo (events.js:106:13)
402 verbose stack     at ChildProcess.emit (events.js:191:7)
402 verbose stack     at maybeClose (internal/child_process.js:886:16)
402 verbose stack     at Process.ChildProcess._handle.onexit (internal/child_process.js:226:5)
403 verbose pkgid gifsicle@0.1.7
404 verbose cwd D:\xampp\htdocs\calculoid-app
405 error Windows_NT 10.0.14393
406 error argv "C:\\Program Files\\nodejs\\node.exe" "C:\\Program Files\\nodejs\\node_modules\\npm\\bin\\npm-cli.js" "install" "grunt-contrib-imagemin" "--save-dev"
407 error node v6.10.3
408 error npm  v3.10.10
409 error code ELIFECYCLE
410 error gifsicle@0.1.7 postinstall: `node index.js`
410 error Exit status 1
411 error Failed at the gifsicle@0.1.7 postinstall script 'node index.js'.
411 error Make sure you have the latest version of node.js and npm installed.
411 error If you do, this is most likely a problem with the gifsicle package,
411 error not with npm itself.
411 error Tell the author that this fails on your system:
411 error     node index.js
411 error You can get information on how to open an issue for this project with:
411 error     npm bugs gifsicle
411 error Or if that isn't available, you can get their info via:
411 error     npm owner ls gifsicle
411 error There is likely additional logging output above.
412 verbose exit [ 1, true ]
